2025-03-05 16:32:54,571 - Connected to machine on port 5001
2025-03-05 16:32:54,579 - Connected to machine on port 5003
2025-03-05 16:32:54,580 - Machine 1 starting with clock rate 3
2025-03-05 16:32:54,581 - SEND event to port 5003, logical clock: 1
2025-03-05 16:32:54,917 - RECEIVE event, queue length: 0, logical clock: 2
2025-03-05 16:32:55,255 - INTERNAL event, logical clock: 3
2025-03-05 16:32:55,593 - RECEIVE event, queue length: 0, logical clock: 7
2025-03-05 16:32:55,932 - RECEIVE event, queue length: 0, logical clock: 9
2025-03-05 16:32:56,267 - INTERNAL event, logical clock: 10
2025-03-05 16:32:56,606 - RECEIVE event, queue length: 1, logical clock: 13
2025-03-05 16:32:56,944 - RECEIVE event, queue length: 0, logical clock: 14
2025-03-05 16:32:57,278 - INTERNAL event, logical clock: 15
2025-03-05 16:32:57,616 - RECEIVE event, queue length: 0, logical clock: 18
2025-03-05 16:32:57,955 - INTERNAL event, logical clock: 19
2025-03-05 16:32:58,291 - INTERNAL event, logical clock: 20
2025-03-05 16:32:58,626 - INTERNAL event, logical clock: 21
2025-03-05 16:32:58,965 - INTERNAL event, logical clock: 22
2025-03-05 16:32:59,299 - RECEIVE event, queue length: 0, logical clock: 29
2025-03-05 16:32:59,637 - RECEIVE event, queue length: 0, logical clock: 31
2025-03-05 16:32:59,976 - INTERNAL event, logical clock: 32
2025-03-05 16:33:00,311 - SEND event to ALL machines, logical clock: 33
2025-03-05 16:33:00,649 - SEND event to port 5003, logical clock: 34
2025-03-05 16:33:00,987 - INTERNAL event, logical clock: 35
2025-03-05 16:33:01,326 - RECEIVE event, queue length: 0, logical clock: 40
2025-03-05 16:33:01,664 - INTERNAL event, logical clock: 41
2025-03-05 16:33:02,002 - INTERNAL event, logical clock: 42
2025-03-05 16:33:02,341 - INTERNAL event, logical clock: 43
2025-03-05 16:33:02,679 - INTERNAL event, logical clock: 44
2025-03-05 16:33:03,018 - INTERNAL event, logical clock: 45
2025-03-05 16:33:03,356 - INTERNAL event, logical clock: 46
2025-03-05 16:33:03,694 - INTERNAL event, logical clock: 47
2025-03-05 16:33:04,033 - INTERNAL event, logical clock: 48
2025-03-05 16:33:04,371 - RECEIVE event, queue length: 0, logical clock: 59
2025-03-05 16:33:04,710 - INTERNAL event, logical clock: 60
2025-03-05 16:33:05,047 - RECEIVE event, queue length: 1, logical clock: 62
2025-03-05 16:33:05,381 - RECEIVE event, queue length: 1, logical clock: 63
2025-03-05 16:33:05,716 - RECEIVE event, queue length: 1, logical clock: 64
2025-03-05 16:33:06,054 - RECEIVE event, queue length: 1, logical clock: 67
2025-03-05 16:33:06,391 - RECEIVE event, queue length: 0, logical clock: 68
2025-03-05 16:33:06,725 - RECEIVE event, queue length: 0, logical clock: 73
2025-03-05 16:33:07,058 - INTERNAL event, logical clock: 74
2025-03-05 16:33:07,397 - INTERNAL event, logical clock: 75
2025-03-05 16:33:07,735 - SEND event to ALL machines, logical clock: 76
2025-03-05 16:33:08,074 - SEND event to port 5001, logical clock: 77
2025-03-05 16:33:08,410 - RECEIVE event, queue length: 0, logical clock: 82
2025-03-05 16:33:08,746 - INTERNAL event, logical clock: 83
2025-03-05 16:33:09,085 - SEND event to ALL machines, logical clock: 84
2025-03-05 16:33:09,422 - INTERNAL event, logical clock: 85
2025-03-05 16:33:09,759 - RECEIVE event, queue length: 0, logical clock: 89
2025-03-05 16:33:10,093 - INTERNAL event, logical clock: 90
2025-03-05 16:33:10,432 - RECEIVE event, queue length: 0, logical clock: 94
2025-03-05 16:33:10,766 - INTERNAL event, logical clock: 95
2025-03-05 16:33:11,101 - INTERNAL event, logical clock: 96
2025-03-05 16:33:11,436 - INTERNAL event, logical clock: 97
2025-03-05 16:33:11,775 - INTERNAL event, logical clock: 98
2025-03-05 16:33:12,113 - INTERNAL event, logical clock: 99
2025-03-05 16:33:12,448 - SEND event to port 5001, logical clock: 100
2025-03-05 16:33:12,787 - SEND event to ALL machines, logical clock: 101
2025-03-05 16:33:13,122 - INTERNAL event, logical clock: 102
2025-03-05 16:33:13,458 - INTERNAL event, logical clock: 103
2025-03-05 16:33:13,793 - SEND event to port 5003, logical clock: 104
2025-03-05 16:33:14,128 - INTERNAL event, logical clock: 105
2025-03-05 16:33:14,462 - SEND event to ALL machines, logical clock: 106
2025-03-05 16:33:14,800 - INTERNAL event, logical clock: 107
2025-03-05 16:33:15,139 - INTERNAL event, logical clock: 108
2025-03-05 16:33:15,477 - RECEIVE event, queue length: 0, logical clock: 124
2025-03-05 16:33:15,815 - RECEIVE event, queue length: 0, logical clock: 125
2025-03-05 16:33:16,152 - INTERNAL event, logical clock: 126
2025-03-05 16:33:16,487 - RECEIVE event, queue length: 0, logical clock: 129
2025-03-05 16:33:16,825 - SEND event to port 5001, logical clock: 130
2025-03-05 16:33:17,159 - SEND event to port 5003, logical clock: 131
2025-03-05 16:33:17,497 - INTERNAL event, logical clock: 132
2025-03-05 16:33:17,832 - SEND event to port 5001, logical clock: 133
2025-03-05 16:33:18,170 - RECEIVE event, queue length: 0, logical clock: 139
2025-03-05 16:33:18,508 - RECEIVE event, queue length: 0, logical clock: 141
2025-03-05 16:33:18,845 - RECEIVE event, queue length: 0, logical clock: 143
2025-03-05 16:33:19,184 - INTERNAL event, logical clock: 144
2025-03-05 16:33:19,520 - SEND event to ALL machines, logical clock: 145
2025-03-05 16:33:19,856 - SEND event to port 5001, logical clock: 146
2025-03-05 16:33:20,194 - RECEIVE event, queue length: 0, logical clock: 151
2025-03-05 16:33:20,529 - RECEIVE event, queue length: 0, logical clock: 153
2025-03-05 16:33:20,868 - INTERNAL event, logical clock: 154
2025-03-05 16:33:21,206 - INTERNAL event, logical clock: 155
2025-03-05 16:33:21,541 - INTERNAL event, logical clock: 156
2025-03-05 16:33:21,875 - INTERNAL event, logical clock: 157
2025-03-05 16:33:22,212 - INTERNAL event, logical clock: 158
2025-03-05 16:33:22,550 - RECEIVE event, queue length: 0, logical clock: 166
2025-03-05 16:33:22,889 - RECEIVE event, queue length: 0, logical clock: 167
2025-03-05 16:33:23,223 - INTERNAL event, logical clock: 168
2025-03-05 16:33:23,558 - INTERNAL event, logical clock: 169
2025-03-05 16:33:23,897 - SEND event to port 5001, logical clock: 170
2025-03-05 16:33:24,235 - INTERNAL event, logical clock: 171
2025-03-05 16:33:24,573 - SEND event to ALL machines, logical clock: 172
2025-03-05 16:33:24,911 - INTERNAL event, logical clock: 173
2025-03-05 16:33:25,249 - INTERNAL event, logical clock: 174
2025-03-05 16:33:25,588 - RECEIVE event, queue length: 1, logical clock: 182
2025-03-05 16:33:25,922 - RECEIVE event, queue length: 0, logical clock: 183
2025-03-05 16:33:26,258 - SEND event to port 5003, logical clock: 184
2025-03-05 16:33:26,591 - SEND event to ALL machines, logical clock: 185
2025-03-05 16:33:26,929 - INTERNAL event, logical clock: 186
2025-03-05 16:33:27,267 - RECEIVE event, queue length: 0, logical clock: 192
2025-03-05 16:33:27,601 - INTERNAL event, logical clock: 193
2025-03-05 16:33:27,940 - RECEIVE event, queue length: 0, logical clock: 197
2025-03-05 16:33:28,278 - INTERNAL event, logical clock: 198
2025-03-05 16:33:28,616 - RECEIVE event, queue length: 0, logical clock: 201
2025-03-05 16:33:28,955 - RECEIVE event, queue length: 0, logical clock: 203
2025-03-05 16:33:29,293 - RECEIVE event, queue length: 0, logical clock: 205
2025-03-05 16:33:29,631 - INTERNAL event, logical clock: 206
2025-03-05 16:33:29,970 - RECEIVE event, queue length: 0, logical clock: 208
2025-03-05 16:33:30,308 - RECEIVE event, queue length: 0, logical clock: 210
2025-03-05 16:33:30,646 - SEND event to port 5003, logical clock: 211
2025-03-05 16:33:30,980 - INTERNAL event, logical clock: 212
2025-03-05 16:33:31,316 - INTERNAL event, logical clock: 213
2025-03-05 16:33:31,654 - INTERNAL event, logical clock: 214
2025-03-05 16:33:31,991 - INTERNAL event, logical clock: 215
2025-03-05 16:33:32,329 - RECEIVE event, queue length: 0, logical clock: 223
2025-03-05 16:33:32,666 - SEND event to port 5003, logical clock: 224
2025-03-05 16:33:33,005 - INTERNAL event, logical clock: 225
2025-03-05 16:33:33,341 - RECEIVE event, queue length: 0, logical clock: 228
2025-03-05 16:33:33,678 - INTERNAL event, logical clock: 229
2025-03-05 16:33:34,015 - INTERNAL event, logical clock: 230
2025-03-05 16:33:34,354 - INTERNAL event, logical clock: 231
2025-03-05 16:33:34,692 - RECEIVE event, queue length: 0, logical clock: 236
2025-03-05 16:33:35,030 - INTERNAL event, logical clock: 237
2025-03-05 16:33:35,368 - SEND event to port 5001, logical clock: 238
2025-03-05 16:33:35,705 - RECEIVE event, queue length: 0, logical clock: 242
2025-03-05 16:33:36,043 - RECEIVE event, queue length: 0, logical clock: 244
2025-03-05 16:33:36,378 - INTERNAL event, logical clock: 245
2025-03-05 16:33:36,713 - INTERNAL event, logical clock: 246
2025-03-05 16:33:37,050 - RECEIVE event, queue length: 0, logical clock: 250
2025-03-05 16:33:37,387 - SEND event to port 5001, logical clock: 251
2025-03-05 16:33:37,725 - SEND event to port 5001, logical clock: 252
2025-03-05 16:33:38,063 - INTERNAL event, logical clock: 253
2025-03-05 16:33:38,402 - SEND event to port 5003, logical clock: 254
2025-03-05 16:33:38,740 - INTERNAL event, logical clock: 255
2025-03-05 16:33:39,075 - INTERNAL event, logical clock: 256
2025-03-05 16:33:39,414 - SEND event to port 5001, logical clock: 257
2025-03-05 16:33:39,749 - RECEIVE event, queue length: 0, logical clock: 266
2025-03-05 16:33:40,087 - RECEIVE event, queue length: 0, logical clock: 268
2025-03-05 16:33:40,424 - RECEIVE event, queue length: 0, logical clock: 270
2025-03-05 16:33:40,760 - RECEIVE event, queue length: 0, logical clock: 271
2025-03-05 16:33:41,099 - INTERNAL event, logical clock: 272
2025-03-05 16:33:41,437 - SEND event to ALL machines, logical clock: 273
2025-03-05 16:33:41,776 - INTERNAL event, logical clock: 274
2025-03-05 16:33:42,114 - INTERNAL event, logical clock: 275
2025-03-05 16:33:42,448 - INTERNAL event, logical clock: 276
2025-03-05 16:33:42,786 - RECEIVE event, queue length: 0, logical clock: 284
2025-03-05 16:33:43,124 - INTERNAL event, logical clock: 285
2025-03-05 16:33:43,462 - RECEIVE event, queue length: 1, logical clock: 287
2025-03-05 16:33:43,799 - RECEIVE event, queue length: 1, logical clock: 288
2025-03-05 16:33:44,134 - RECEIVE event, queue length: 1, logical clock: 289
2025-03-05 16:33:44,472 - RECEIVE event, queue length: 0, logical clock: 292
2025-03-05 16:33:44,807 - RECEIVE event, queue length: 0, logical clock: 296
2025-03-05 16:33:45,142 - SEND event to ALL machines, logical clock: 297
2025-03-05 16:33:45,479 - INTERNAL event, logical clock: 298
2025-03-05 16:33:45,815 - RECEIVE event, queue length: 0, logical clock: 302
2025-03-05 16:33:46,154 - RECEIVE event, queue length: 0, logical clock: 304
2025-03-05 16:33:46,488 - SEND event to port 5001, logical clock: 305
2025-03-05 16:33:46,826 - INTERNAL event, logical clock: 306
2025-03-05 16:33:47,162 - INTERNAL event, logical clock: 307
2025-03-05 16:33:47,501 - SEND event to ALL machines, logical clock: 308
2025-03-05 16:33:47,835 - INTERNAL event, logical clock: 309
2025-03-05 16:33:48,174 - RECEIVE event, queue length: 0, logical clock: 316
2025-03-05 16:33:48,511 - RECEIVE event, queue length: 0, logical clock: 318
2025-03-05 16:33:48,850 - INTERNAL event, logical clock: 319
2025-03-05 16:33:49,184 - INTERNAL event, logical clock: 320
2025-03-05 16:33:49,520 - SEND event to port 5001, logical clock: 321
2025-03-05 16:33:49,857 - INTERNAL event, logical clock: 322
2025-03-05 16:33:50,192 - RECEIVE event, queue length: 0, logical clock: 328
2025-03-05 16:33:50,530 - RECEIVE event, queue length: 1, logical clock: 329
2025-03-05 16:33:50,866 - RECEIVE event, queue length: 1, logical clock: 330
2025-03-05 16:33:51,205 - RECEIVE event, queue length: 1, logical clock: 331
2025-03-05 16:33:51,539 - RECEIVE event, queue length: 0, logical clock: 333
2025-03-05 16:33:51,877 - INTERNAL event, logical clock: 334
2025-03-05 16:33:52,216 - RECEIVE event, queue length: 0, logical clock: 339
2025-03-05 16:33:52,550 - RECEIVE event, queue length: 0, logical clock: 342
2025-03-05 16:33:52,550 - Machine 1 stopped. Final logical clock: 342
