2025-03-05 16:36:15,286 - Connected to machine on port 5001
2025-03-05 16:36:15,293 - Connected to machine on port 5003
2025-03-05 16:36:15,295 - Machine 1 starting with clock rate 3
2025-03-05 16:36:15,295 - RECEIVE event, queue length: 0, logical clock: 2
2025-03-05 16:36:15,634 - SEND event to port 5003, logical clock: 3
2025-03-05 16:36:15,968 - RECEIVE event, queue length: 0, logical clock: 6
2025-03-05 16:36:16,306 - RECEIVE event, queue length: 0, logical clock: 7
2025-03-05 16:36:16,644 - RECEIVE event, queue length: 0, logical clock: 9
2025-03-05 16:36:16,982 - RECEIVE event, queue length: 0, logical clock: 11
2025-03-05 16:36:17,317 - RECEIVE event, queue length: 1, logical clock: 13
2025-03-05 16:36:17,655 - RECEIVE event, queue length: 1, logical clock: 14
2025-03-05 16:36:17,992 - RECEIVE event, queue length: 0, logical clock: 15
2025-03-05 16:36:18,330 - RECEIVE event, queue length: 1, logical clock: 19
2025-03-05 16:36:18,668 - RECEIVE event, queue length: 1, logical clock: 20
2025-03-05 16:36:19,007 - RECEIVE event, queue length: 2, logical clock: 21
2025-03-05 16:36:19,344 - RECEIVE event, queue length: 3, logical clock: 23
2025-03-05 16:36:19,683 - RECEIVE event, queue length: 2, logical clock: 24
2025-03-05 16:36:20,019 - RECEIVE event, queue length: 2, logical clock: 25
2025-03-05 16:36:20,358 - RECEIVE event, queue length: 2, logical clock: 26
2025-03-05 16:36:20,694 - RECEIVE event, queue length: 3, logical clock: 30
2025-03-05 16:36:21,028 - RECEIVE event, queue length: 3, logical clock: 32
2025-03-05 16:36:21,366 - RECEIVE event, queue length: 3, logical clock: 33
2025-03-05 16:36:21,702 - RECEIVE event, queue length: 3, logical clock: 34
2025-03-05 16:36:22,040 - RECEIVE event, queue length: 3, logical clock: 35
2025-03-05 16:36:22,373 - RECEIVE event, queue length: 4, logical clock: 38
2025-03-05 16:36:22,712 - RECEIVE event, queue length: 5, logical clock: 39
2025-03-05 16:36:23,049 - RECEIVE event, queue length: 6, logical clock: 42
2025-03-05 16:36:23,387 - RECEIVE event, queue length: 7, logical clock: 43
2025-03-05 16:36:23,726 - RECEIVE event, queue length: 7, logical clock: 44
2025-03-05 16:36:24,063 - RECEIVE event, queue length: 7, logical clock: 45
2025-03-05 16:36:24,401 - RECEIVE event, queue length: 6, logical clock: 46
2025-03-05 16:36:24,734 - RECEIVE event, queue length: 6, logical clock: 47
2025-03-05 16:36:25,073 - RECEIVE event, queue length: 6, logical clock: 48
2025-03-05 16:36:25,407 - RECEIVE event, queue length: 6, logical clock: 49
2025-03-05 16:36:25,745 - RECEIVE event, queue length: 5, logical clock: 50
2025-03-05 16:36:26,081 - RECEIVE event, queue length: 5, logical clock: 51
2025-03-05 16:36:26,414 - RECEIVE event, queue length: 5, logical clock: 53
2025-03-05 16:36:26,753 - RECEIVE event, queue length: 5, logical clock: 58
2025-03-05 16:36:27,091 - RECEIVE event, queue length: 5, logical clock: 60
2025-03-05 16:36:27,426 - RECEIVE event, queue length: 5, logical clock: 62
2025-03-05 16:36:27,765 - RECEIVE event, queue length: 6, logical clock: 66
2025-03-05 16:36:28,099 - RECEIVE event, queue length: 6, logical clock: 67
2025-03-05 16:36:28,434 - RECEIVE event, queue length: 7, logical clock: 69
2025-03-05 16:36:28,770 - RECEIVE event, queue length: 6, logical clock: 71
2025-03-05 16:36:29,104 - RECEIVE event, queue length: 6, logical clock: 74
2025-03-05 16:36:29,443 - RECEIVE event, queue length: 5, logical clock: 75
2025-03-05 16:36:29,781 - RECEIVE event, queue length: 5, logical clock: 76
2025-03-05 16:36:30,118 - RECEIVE event, queue length: 5, logical clock: 78
2025-03-05 16:36:30,456 - RECEIVE event, queue length: 4, logical clock: 79
2025-03-05 16:36:30,794 - RECEIVE event, queue length: 5, logical clock: 80
2025-03-05 16:36:31,130 - RECEIVE event, queue length: 5, logical clock: 82
2025-03-05 16:36:31,468 - RECEIVE event, queue length: 6, logical clock: 87
2025-03-05 16:36:31,806 - RECEIVE event, queue length: 7, logical clock: 88
2025-03-05 16:36:32,142 - RECEIVE event, queue length: 8, logical clock: 92
2025-03-05 16:36:32,481 - RECEIVE event, queue length: 9, logical clock: 93
2025-03-05 16:36:32,816 - RECEIVE event, queue length: 9, logical clock: 95
2025-03-05 16:36:33,152 - RECEIVE event, queue length: 10, logical clock: 96
2025-03-05 16:36:33,490 - RECEIVE event, queue length: 10, logical clock: 97
2025-03-05 16:36:33,828 - RECEIVE event, queue length: 11, logical clock: 98
2025-03-05 16:36:34,166 - RECEIVE event, queue length: 10, logical clock: 99
2025-03-05 16:36:34,505 - RECEIVE event, queue length: 9, logical clock: 100
2025-03-05 16:36:34,843 - RECEIVE event, queue length: 9, logical clock: 101
2025-03-05 16:36:35,182 - RECEIVE event, queue length: 9, logical clock: 102
2025-03-05 16:36:35,516 - RECEIVE event, queue length: 8, logical clock: 103
2025-03-05 16:36:35,852 - RECEIVE event, queue length: 9, logical clock: 104
2025-03-05 16:36:36,188 - RECEIVE event, queue length: 10, logical clock: 106
2025-03-05 16:36:36,523 - RECEIVE event, queue length: 9, logical clock: 107
2025-03-05 16:36:36,861 - RECEIVE event, queue length: 9, logical clock: 109
2025-03-05 16:36:37,194 - RECEIVE event, queue length: 10, logical clock: 110
2025-03-05 16:36:37,533 - RECEIVE event, queue length: 11, logical clock: 111
2025-03-05 16:36:37,871 - RECEIVE event, queue length: 11, logical clock: 117
2025-03-05 16:36:38,206 - RECEIVE event, queue length: 11, logical clock: 118
2025-03-05 16:36:38,541 - RECEIVE event, queue length: 12, logical clock: 122
2025-03-05 16:36:38,879 - RECEIVE event, queue length: 12, logical clock: 123
2025-03-05 16:36:39,215 - RECEIVE event, queue length: 12, logical clock: 124
2025-03-05 16:36:39,548 - RECEIVE event, queue length: 13, logical clock: 125
2025-03-05 16:36:39,887 - RECEIVE event, queue length: 13, logical clock: 128
2025-03-05 16:36:40,221 - RECEIVE event, queue length: 13, logical clock: 130
2025-03-05 16:36:40,557 - RECEIVE event, queue length: 12, logical clock: 131
2025-03-05 16:36:40,895 - RECEIVE event, queue length: 12, logical clock: 132
2025-03-05 16:36:41,231 - RECEIVE event, queue length: 12, logical clock: 133
2025-03-05 16:36:41,569 - RECEIVE event, queue length: 13, logical clock: 135
2025-03-05 16:36:41,906 - RECEIVE event, queue length: 14, logical clock: 136
2025-03-05 16:36:42,239 - RECEIVE event, queue length: 14, logical clock: 138
2025-03-05 16:36:42,578 - RECEIVE event, queue length: 15, logical clock: 139
2025-03-05 16:36:42,916 - RECEIVE event, queue length: 16, logical clock: 141
2025-03-05 16:36:43,254 - RECEIVE event, queue length: 16, logical clock: 143
2025-03-05 16:36:43,589 - RECEIVE event, queue length: 17, logical clock: 144
2025-03-05 16:36:43,927 - RECEIVE event, queue length: 18, logical clock: 145
2025-03-05 16:36:44,261 - RECEIVE event, queue length: 19, logical clock: 146
2025-03-05 16:36:44,597 - RECEIVE event, queue length: 19, logical clock: 149
2025-03-05 16:36:44,936 - RECEIVE event, queue length: 18, logical clock: 152
2025-03-05 16:36:45,272 - RECEIVE event, queue length: 18, logical clock: 155
2025-03-05 16:36:45,611 - RECEIVE event, queue length: 18, logical clock: 156
2025-03-05 16:36:45,944 - RECEIVE event, queue length: 19, logical clock: 157
2025-03-05 16:36:46,278 - RECEIVE event, queue length: 19, logical clock: 158
2025-03-05 16:36:46,616 - RECEIVE event, queue length: 19, logical clock: 159
2025-03-05 16:36:46,954 - RECEIVE event, queue length: 19, logical clock: 160
2025-03-05 16:36:47,291 - RECEIVE event, queue length: 18, logical clock: 161
2025-03-05 16:36:47,627 - RECEIVE event, queue length: 18, logical clock: 162
2025-03-05 16:36:47,966 - RECEIVE event, queue length: 19, logical clock: 163
2025-03-05 16:36:48,304 - RECEIVE event, queue length: 20, logical clock: 164
2025-03-05 16:36:48,640 - RECEIVE event, queue length: 21, logical clock: 165
2025-03-05 16:36:48,978 - RECEIVE event, queue length: 21, logical clock: 167
2025-03-05 16:36:49,316 - RECEIVE event, queue length: 21, logical clock: 168
2025-03-05 16:36:49,655 - RECEIVE event, queue length: 22, logical clock: 169
2025-03-05 16:36:49,993 - RECEIVE event, queue length: 22, logical clock: 170
2025-03-05 16:36:50,330 - RECEIVE event, queue length: 22, logical clock: 171
2025-03-05 16:36:50,668 - RECEIVE event, queue length: 22, logical clock: 172
2025-03-05 16:36:51,007 - RECEIVE event, queue length: 23, logical clock: 174
2025-03-05 16:36:51,345 - RECEIVE event, queue length: 24, logical clock: 178
2025-03-05 16:36:51,683 - RECEIVE event, queue length: 24, logical clock: 179
2025-03-05 16:36:52,022 - RECEIVE event, queue length: 25, logical clock: 181
2025-03-05 16:36:52,357 - RECEIVE event, queue length: 26, logical clock: 182
2025-03-05 16:36:52,695 - RECEIVE event, queue length: 27, logical clock: 184
2025-03-05 16:36:53,033 - RECEIVE event, queue length: 27, logical clock: 185
2025-03-05 16:36:53,372 - RECEIVE event, queue length: 27, logical clock: 187
2025-03-05 16:36:53,710 - RECEIVE event, queue length: 27, logical clock: 191
2025-03-05 16:36:54,048 - RECEIVE event, queue length: 27, logical clock: 193
2025-03-05 16:36:54,386 - RECEIVE event, queue length: 27, logical clock: 194
2025-03-05 16:36:54,725 - RECEIVE event, queue length: 27, logical clock: 195
2025-03-05 16:36:55,059 - RECEIVE event, queue length: 27, logical clock: 196
2025-03-05 16:36:55,398 - RECEIVE event, queue length: 28, logical clock: 197
2025-03-05 16:36:55,736 - RECEIVE event, queue length: 27, logical clock: 198
2025-03-05 16:36:56,074 - RECEIVE event, queue length: 27, logical clock: 199
2025-03-05 16:36:56,413 - RECEIVE event, queue length: 28, logical clock: 201
2025-03-05 16:36:56,746 - RECEIVE event, queue length: 27, logical clock: 203
2025-03-05 16:36:57,080 - RECEIVE event, queue length: 28, logical clock: 204
2025-03-05 16:36:57,415 - RECEIVE event, queue length: 27, logical clock: 205
2025-03-05 16:36:57,748 - RECEIVE event, queue length: 27, logical clock: 208
2025-03-05 16:36:58,082 - RECEIVE event, queue length: 27, logical clock: 209
2025-03-05 16:36:58,421 - RECEIVE event, queue length: 27, logical clock: 211
2025-03-05 16:36:58,759 - RECEIVE event, queue length: 26, logical clock: 212
2025-03-05 16:36:59,096 - RECEIVE event, queue length: 27, logical clock: 213
2025-03-05 16:36:59,435 - RECEIVE event, queue length: 27, logical clock: 214
2025-03-05 16:36:59,769 - RECEIVE event, queue length: 28, logical clock: 216
2025-03-05 16:37:00,105 - RECEIVE event, queue length: 29, logical clock: 217
2025-03-05 16:37:00,441 - RECEIVE event, queue length: 30, logical clock: 218
2025-03-05 16:37:00,779 - RECEIVE event, queue length: 30, logical clock: 219
2025-03-05 16:37:01,118 - RECEIVE event, queue length: 31, logical clock: 220
2025-03-05 16:37:01,455 - RECEIVE event, queue length: 31, logical clock: 221
2025-03-05 16:37:01,794 - RECEIVE event, queue length: 31, logical clock: 222
2025-03-05 16:37:02,132 - RECEIVE event, queue length: 30, logical clock: 223
2025-03-05 16:37:02,470 - RECEIVE event, queue length: 30, logical clock: 226
2025-03-05 16:37:02,807 - RECEIVE event, queue length: 30, logical clock: 227
2025-03-05 16:37:03,146 - RECEIVE event, queue length: 31, logical clock: 230
2025-03-05 16:37:03,482 - RECEIVE event, queue length: 31, logical clock: 232
2025-03-05 16:37:03,821 - RECEIVE event, queue length: 31, logical clock: 234
2025-03-05 16:37:04,159 - RECEIVE event, queue length: 31, logical clock: 235
2025-03-05 16:37:04,493 - RECEIVE event, queue length: 31, logical clock: 237
2025-03-05 16:37:04,827 - RECEIVE event, queue length: 32, logical clock: 238
2025-03-05 16:37:05,166 - RECEIVE event, queue length: 32, logical clock: 242
2025-03-05 16:37:05,504 - RECEIVE event, queue length: 32, logical clock: 243
2025-03-05 16:37:05,842 - RECEIVE event, queue length: 31, logical clock: 244
2025-03-05 16:37:06,181 - RECEIVE event, queue length: 30, logical clock: 247
2025-03-05 16:37:06,519 - RECEIVE event, queue length: 30, logical clock: 248
2025-03-05 16:37:06,858 - RECEIVE event, queue length: 30, logical clock: 251
2025-03-05 16:37:07,195 - RECEIVE event, queue length: 31, logical clock: 253
2025-03-05 16:37:07,533 - RECEIVE event, queue length: 32, logical clock: 256
2025-03-05 16:37:07,869 - RECEIVE event, queue length: 33, logical clock: 258
2025-03-05 16:37:08,203 - RECEIVE event, queue length: 34, logical clock: 259
2025-03-05 16:37:08,538 - RECEIVE event, queue length: 35, logical clock: 260
2025-03-05 16:37:08,877 - RECEIVE event, queue length: 35, logical clock: 262
2025-03-05 16:37:09,211 - RECEIVE event, queue length: 36, logical clock: 263
2025-03-05 16:37:09,549 - RECEIVE event, queue length: 36, logical clock: 264
2025-03-05 16:37:09,887 - RECEIVE event, queue length: 36, logical clock: 265
2025-03-05 16:37:10,222 - RECEIVE event, queue length: 36, logical clock: 266
2025-03-05 16:37:10,561 - RECEIVE event, queue length: 36, logical clock: 267
2025-03-05 16:37:10,897 - RECEIVE event, queue length: 35, logical clock: 268
2025-03-05 16:37:11,231 - RECEIVE event, queue length: 35, logical clock: 270
2025-03-05 16:37:11,567 - RECEIVE event, queue length: 35, logical clock: 271
2025-03-05 16:37:11,906 - RECEIVE event, queue length: 35, logical clock: 273
2025-03-05 16:37:12,244 - RECEIVE event, queue length: 35, logical clock: 275
2025-03-05 16:37:12,578 - RECEIVE event, queue length: 36, logical clock: 278
2025-03-05 16:37:12,912 - RECEIVE event, queue length: 36, logical clock: 280
2025-03-05 16:37:13,247 - RECEIVE event, queue length: 35, logical clock: 282
2025-03-05 16:37:13,273 - Machine 1 stopped. Final logical clock: 282
