2025-03-05 16:34:00,919 - Connected to machine on port 5001
2025-03-05 16:34:00,927 - Connected to machine on port 5003
2025-03-05 16:34:00,928 - Machine 1 starting with clock rate 3
2025-03-05 16:34:00,928 - SEND event to port 5003, logical clock: 1
2025-03-05 16:34:01,262 - RECEIVE event, queue length: 0, logical clock: 2
2025-03-05 16:34:01,598 - RECEIVE event, queue length: 0, logical clock: 5
2025-03-05 16:34:01,934 - RECEIVE event, queue length: 0, logical clock: 7
2025-03-05 16:34:02,268 - INTERNAL event, logical clock: 8
2025-03-05 16:34:02,602 - RECEIVE event, queue length: 0, logical clock: 11
2025-03-05 16:34:02,940 - RECEIVE event, queue length: 0, logical clock: 12
2025-03-05 16:34:03,279 - RECEIVE event, queue length: 0, logical clock: 14
2025-03-05 16:34:03,617 - RECEIVE event, queue length: 0, logical clock: 16
2025-03-05 16:34:03,955 - RECEIVE event, queue length: 0, logical clock: 18
2025-03-05 16:34:04,292 - RECEIVE event, queue length: 0, logical clock: 21
2025-03-05 16:34:04,631 - INTERNAL event, logical clock: 22
2025-03-05 16:34:04,969 - SEND event to port 5003, logical clock: 23
2025-03-05 16:34:05,304 - INTERNAL event, logical clock: 24
2025-03-05 16:34:05,642 - RECEIVE event, queue length: 0, logical clock: 29
2025-03-05 16:34:05,981 - SEND event to port 5001, logical clock: 30
2025-03-05 16:34:06,319 - RECEIVE event, queue length: 0, logical clock: 32
2025-03-05 16:34:06,658 - RECEIVE event, queue length: 0, logical clock: 34
2025-03-05 16:34:06,992 - RECEIVE event, queue length: 0, logical clock: 37
2025-03-05 16:34:07,329 - SEND event to ALL machines, logical clock: 38
2025-03-05 16:34:07,666 - RECEIVE event, queue length: 0, logical clock: 41
2025-03-05 16:34:08,002 - SEND event to ALL machines, logical clock: 42
2025-03-05 16:34:08,340 - RECEIVE event, queue length: 0, logical clock: 45
2025-03-05 16:34:08,679 - INTERNAL event, logical clock: 46
2025-03-05 16:34:09,017 - INTERNAL event, logical clock: 47
2025-03-05 16:34:09,351 - RECEIVE event, queue length: 1, logical clock: 50
2025-03-05 16:34:09,689 - RECEIVE event, queue length: 2, logical clock: 51
2025-03-05 16:34:10,027 - RECEIVE event, queue length: 1, logical clock: 52
2025-03-05 16:34:10,365 - RECEIVE event, queue length: 0, logical clock: 53
2025-03-05 16:34:10,704 - SEND event to ALL machines, logical clock: 54
2025-03-05 16:34:11,042 - INTERNAL event, logical clock: 55
2025-03-05 16:34:11,381 - RECEIVE event, queue length: 0, logical clock: 62
2025-03-05 16:34:11,719 - RECEIVE event, queue length: 0, logical clock: 64
2025-03-05 16:34:12,057 - INTERNAL event, logical clock: 65
2025-03-05 16:34:12,393 - SEND event to port 5001, logical clock: 66
2025-03-05 16:34:12,727 - RECEIVE event, queue length: 0, logical clock: 70
2025-03-05 16:34:13,064 - SEND event to port 5003, logical clock: 71
2025-03-05 16:34:13,399 - SEND event to port 5003, logical clock: 72
2025-03-05 16:34:13,737 - SEND event to port 5003, logical clock: 73
2025-03-05 16:34:14,075 - INTERNAL event, logical clock: 74
2025-03-05 16:34:14,414 - SEND event to port 5001, logical clock: 75
2025-03-05 16:34:14,747 - SEND event to port 5001, logical clock: 76
2025-03-05 16:34:15,084 - RECEIVE event, queue length: 0, logical clock: 84
2025-03-05 16:34:15,422 - RECEIVE event, queue length: 0, logical clock: 86
2025-03-05 16:34:15,761 - INTERNAL event, logical clock: 87
2025-03-05 16:34:16,097 - SEND event to port 5001, logical clock: 88
2025-03-05 16:34:16,435 - RECEIVE event, queue length: 0, logical clock: 91
2025-03-05 16:34:16,774 - RECEIVE event, queue length: 1, logical clock: 93
2025-03-05 16:34:17,112 - RECEIVE event, queue length: 1, logical clock: 94
2025-03-05 16:34:17,448 - RECEIVE event, queue length: 1, logical clock: 96
2025-03-05 16:34:17,787 - RECEIVE event, queue length: 0, logical clock: 97
2025-03-05 16:34:18,125 - RECEIVE event, queue length: 0, logical clock: 102
2025-03-05 16:34:18,463 - SEND event to ALL machines, logical clock: 103
2025-03-05 16:34:18,801 - INTERNAL event, logical clock: 104
2025-03-05 16:34:19,139 - SEND event to port 5001, logical clock: 105
2025-03-05 16:34:19,478 - SEND event to ALL machines, logical clock: 106
2025-03-05 16:34:19,812 - RECEIVE event, queue length: 0, logical clock: 112
2025-03-05 16:34:20,150 - SEND event to ALL machines, logical clock: 113
2025-03-05 16:34:20,486 - SEND event to port 5001, logical clock: 114
2025-03-05 16:34:20,824 - INTERNAL event, logical clock: 115
2025-03-05 16:34:21,159 - RECEIVE event, queue length: 0, logical clock: 119
2025-03-05 16:34:21,493 - SEND event to port 5003, logical clock: 120
2025-03-05 16:34:21,830 - SEND event to port 5003, logical clock: 121
2025-03-05 16:34:22,166 - SEND event to ALL machines, logical clock: 122
2025-03-05 16:34:22,505 - INTERNAL event, logical clock: 123
2025-03-05 16:34:22,840 - SEND event to port 5003, logical clock: 124
2025-03-05 16:34:23,176 - SEND event to port 5001, logical clock: 125
2025-03-05 16:34:23,515 - RECEIVE event, queue length: 1, logical clock: 133
2025-03-05 16:34:23,853 - RECEIVE event, queue length: 1, logical clock: 134
2025-03-05 16:34:24,191 - RECEIVE event, queue length: 1, logical clock: 135
2025-03-05 16:34:24,528 - RECEIVE event, queue length: 0, logical clock: 137
2025-03-05 16:34:24,867 - RECEIVE event, queue length: 0, logical clock: 141
2025-03-05 16:34:25,201 - INTERNAL event, logical clock: 142
2025-03-05 16:34:25,539 - INTERNAL event, logical clock: 143
2025-03-05 16:34:25,877 - RECEIVE event, queue length: 0, logical clock: 147
2025-03-05 16:34:26,215 - INTERNAL event, logical clock: 148
2025-03-05 16:34:26,553 - RECEIVE event, queue length: 1, logical clock: 151
2025-03-05 16:34:26,892 - RECEIVE event, queue length: 1, logical clock: 152
2025-03-05 16:34:27,230 - RECEIVE event, queue length: 0, logical clock: 153
2025-03-05 16:34:27,564 - RECEIVE event, queue length: 1, logical clock: 157
2025-03-05 16:34:27,902 - RECEIVE event, queue length: 0, logical clock: 158
2025-03-05 16:34:28,241 - RECEIVE event, queue length: 0, logical clock: 162
2025-03-05 16:34:28,579 - RECEIVE event, queue length: 0, logical clock: 164
2025-03-05 16:34:28,917 - RECEIVE event, queue length: 0, logical clock: 166
2025-03-05 16:34:29,256 - RECEIVE event, queue length: 0, logical clock: 167
2025-03-05 16:34:29,594 - RECEIVE event, queue length: 0, logical clock: 169
2025-03-05 16:34:29,932 - RECEIVE event, queue length: 0, logical clock: 171
2025-03-05 16:34:30,271 - RECEIVE event, queue length: 0, logical clock: 173
2025-03-05 16:34:30,606 - RECEIVE event, queue length: 0, logical clock: 175
2025-03-05 16:34:30,944 - SEND event to port 5001, logical clock: 176
2025-03-05 16:34:31,282 - RECEIVE event, queue length: 1, logical clock: 178
2025-03-05 16:34:31,617 - RECEIVE event, queue length: 1, logical clock: 179
2025-03-05 16:34:31,956 - RECEIVE event, queue length: 2, logical clock: 181
2025-03-05 16:34:32,290 - RECEIVE event, queue length: 2, logical clock: 182
2025-03-05 16:34:32,624 - RECEIVE event, queue length: 2, logical clock: 183
2025-03-05 16:34:32,962 - RECEIVE event, queue length: 3, logical clock: 184
2025-03-05 16:34:33,298 - RECEIVE event, queue length: 2, logical clock: 187
2025-03-05 16:34:33,637 - RECEIVE event, queue length: 1, logical clock: 188
2025-03-05 16:34:33,975 - RECEIVE event, queue length: 2, logical clock: 189
2025-03-05 16:34:34,309 - RECEIVE event, queue length: 2, logical clock: 194
2025-03-05 16:34:34,647 - RECEIVE event, queue length: 1, logical clock: 195
2025-03-05 16:34:34,983 - RECEIVE event, queue length: 0, logical clock: 196
2025-03-05 16:34:35,322 - SEND event to ALL machines, logical clock: 197
2025-03-05 16:34:35,657 - INTERNAL event, logical clock: 198
2025-03-05 16:34:35,995 - INTERNAL event, logical clock: 199
2025-03-05 16:34:36,334 - RECEIVE event, queue length: 1, logical clock: 208
2025-03-05 16:34:36,669 - RECEIVE event, queue length: 1, logical clock: 209
2025-03-05 16:34:37,007 - RECEIVE event, queue length: 1, logical clock: 211
2025-03-05 16:34:37,345 - RECEIVE event, queue length: 0, logical clock: 212
2025-03-05 16:34:37,683 - SEND event to port 5003, logical clock: 213
2025-03-05 16:34:38,016 - RECEIVE event, queue length: 0, logical clock: 219
2025-03-05 16:34:38,354 - RECEIVE event, queue length: 0, logical clock: 220
2025-03-05 16:34:38,692 - RECEIVE event, queue length: 0, logical clock: 222
2025-03-05 16:34:39,029 - RECEIVE event, queue length: 0, logical clock: 224
2025-03-05 16:34:39,367 - SEND event to ALL machines, logical clock: 225
2025-03-05 16:34:39,706 - RECEIVE event, queue length: 0, logical clock: 229
2025-03-05 16:34:40,042 - RECEIVE event, queue length: 1, logical clock: 230
2025-03-05 16:34:40,381 - RECEIVE event, queue length: 0, logical clock: 231
2025-03-05 16:34:40,715 - RECEIVE event, queue length: 0, logical clock: 234
2025-03-05 16:34:41,051 - RECEIVE event, queue length: 0, logical clock: 237
2025-03-05 16:34:41,390 - RECEIVE event, queue length: 0, logical clock: 239
2025-03-05 16:34:41,724 - RECEIVE event, queue length: 0, logical clock: 241
2025-03-05 16:34:42,059 - SEND event to ALL machines, logical clock: 242
2025-03-05 16:34:42,397 - SEND event to port 5001, logical clock: 243
2025-03-05 16:34:42,735 - INTERNAL event, logical clock: 244
2025-03-05 16:34:43,069 - INTERNAL event, logical clock: 245
2025-03-05 16:34:43,407 - RECEIVE event, queue length: 0, logical clock: 251
2025-03-05 16:34:43,745 - RECEIVE event, queue length: 0, logical clock: 253
2025-03-05 16:34:44,084 - RECEIVE event, queue length: 0, logical clock: 254
2025-03-05 16:34:44,419 - SEND event to port 5001, logical clock: 255
2025-03-05 16:34:44,757 - RECEIVE event, queue length: 0, logical clock: 257
2025-03-05 16:34:45,094 - SEND event to ALL machines, logical clock: 258
2025-03-05 16:34:45,429 - RECEIVE event, queue length: 0, logical clock: 262
2025-03-05 16:34:45,767 - RECEIVE event, queue length: 1, logical clock: 263
2025-03-05 16:34:46,105 - RECEIVE event, queue length: 1, logical clock: 264
2025-03-05 16:34:46,443 - RECEIVE event, queue length: 1, logical clock: 266
2025-03-05 16:34:46,782 - RECEIVE event, queue length: 0, logical clock: 267
2025-03-05 16:34:47,119 - RECEIVE event, queue length: 0, logical clock: 271
2025-03-05 16:34:47,454 - RECEIVE event, queue length: 0, logical clock: 274
2025-03-05 16:34:47,792 - RECEIVE event, queue length: 0, logical clock: 275
2025-03-05 16:34:48,129 - RECEIVE event, queue length: 1, logical clock: 277
2025-03-05 16:34:48,467 - RECEIVE event, queue length: 0, logical clock: 278
2025-03-05 16:34:48,803 - RECEIVE event, queue length: 1, logical clock: 281
2025-03-05 16:34:49,141 - RECEIVE event, queue length: 1, logical clock: 282
2025-03-05 16:34:49,480 - RECEIVE event, queue length: 0, logical clock: 283
2025-03-05 16:34:49,816 - RECEIVE event, queue length: 0, logical clock: 287
2025-03-05 16:34:50,155 - RECEIVE event, queue length: 0, logical clock: 290
2025-03-05 16:34:50,492 - RECEIVE event, queue length: 0, logical clock: 291
2025-03-05 16:34:50,830 - INTERNAL event, logical clock: 292
2025-03-05 16:34:51,168 - INTERNAL event, logical clock: 293
2025-03-05 16:34:51,501 - RECEIVE event, queue length: 0, logical clock: 298
2025-03-05 16:34:51,840 - INTERNAL event, logical clock: 299
2025-03-05 16:34:52,178 - RECEIVE event, queue length: 0, logical clock: 302
2025-03-05 16:34:52,512 - RECEIVE event, queue length: 0, logical clock: 304
2025-03-05 16:34:52,847 - SEND event to port 5001, logical clock: 305
2025-03-05 16:34:53,183 - INTERNAL event, logical clock: 306
2025-03-05 16:34:53,520 - RECEIVE event, queue length: 0, logical clock: 309
2025-03-05 16:34:53,857 - SEND event to port 5003, logical clock: 310
2025-03-05 16:34:54,195 - RECEIVE event, queue length: 0, logical clock: 314
2025-03-05 16:34:54,528 - SEND event to port 5003, logical clock: 315
2025-03-05 16:34:54,863 - SEND event to port 5003, logical clock: 316
2025-03-05 16:34:55,202 - SEND event to ALL machines, logical clock: 317
2025-03-05 16:34:55,535 - RECEIVE event, queue length: 0, logical clock: 322
2025-03-05 16:34:55,873 - RECEIVE event, queue length: 1, logical clock: 323
2025-03-05 16:34:56,213 - RECEIVE event, queue length: 1, logical clock: 324
2025-03-05 16:34:56,551 - RECEIVE event, queue length: 1, logical clock: 325
2025-03-05 16:34:56,886 - RECEIVE event, queue length: 0, logical clock: 328
2025-03-05 16:34:57,224 - RECEIVE event, queue length: 0, logical clock: 332
2025-03-05 16:34:57,559 - RECEIVE event, queue length: 0, logical clock: 333
2025-03-05 16:34:57,897 - RECEIVE event, queue length: 1, logical clock: 335
2025-03-05 16:34:58,235 - RECEIVE event, queue length: 0, logical clock: 336
2025-03-05 16:34:58,573 - SEND event to ALL machines, logical clock: 337
2025-03-05 16:34:58,903 - Machine 1 stopped. Final logical clock: 337
