2025-03-05 16:27:53,324 - Connected to machine on port 5001
2025-03-05 16:27:53,331 - Connected to machine on port 5003
2025-03-05 16:27:53,331 - Machine 1 starting with clock rate 3
2025-03-05 16:27:53,333 - INTERNAL event, logical clock: 1
2025-03-05 16:27:53,671 - INTERNAL event, logical clock: 2
2025-03-05 16:27:54,010 - INTERNAL event, logical clock: 3
2025-03-05 16:27:54,346 - RECEIVE event, queue length: 0, logical clock: 4
2025-03-05 16:27:54,685 - INTERNAL event, logical clock: 5
2025-03-05 16:27:55,022 - INTERNAL event, logical clock: 6
2025-03-05 16:27:55,356 - SEND event to ALL machines, logical clock: 7
2025-03-05 16:27:55,694 - RECEIVE event, queue length: 0, logical clock: 15
2025-03-05 16:27:56,033 - RECEIVE event, queue length: 0, logical clock: 16
2025-03-05 16:27:56,371 - INTERNAL event, logical clock: 17
2025-03-05 16:27:56,709 - INTERNAL event, logical clock: 18
2025-03-05 16:27:57,048 - INTERNAL event, logical clock: 19
2025-03-05 16:27:57,386 - RECEIVE event, queue length: 0, logical clock: 25
2025-03-05 16:27:57,724 - INTERNAL event, logical clock: 26
2025-03-05 16:27:58,062 - INTERNAL event, logical clock: 27
2025-03-05 16:27:58,401 - INTERNAL event, logical clock: 28
2025-03-05 16:27:58,739 - INTERNAL event, logical clock: 29
2025-03-05 16:27:59,078 - RECEIVE event, queue length: 0, logical clock: 34
2025-03-05 16:27:59,416 - INTERNAL event, logical clock: 35
2025-03-05 16:27:59,754 - INTERNAL event, logical clock: 36
2025-03-05 16:28:00,093 - SEND event to port 5003, logical clock: 37
2025-03-05 16:28:00,429 - INTERNAL event, logical clock: 38
2025-03-05 16:28:00,767 - INTERNAL event, logical clock: 39
2025-03-05 16:28:01,101 - INTERNAL event, logical clock: 40
2025-03-05 16:28:01,436 - RECEIVE event, queue length: 0, logical clock: 49
2025-03-05 16:28:01,774 - INTERNAL event, logical clock: 50
2025-03-05 16:28:02,112 - INTERNAL event, logical clock: 51
2025-03-05 16:28:02,448 - SEND event to ALL machines, logical clock: 52
2025-03-05 16:28:02,787 - INTERNAL event, logical clock: 53
2025-03-05 16:28:03,125 - INTERNAL event, logical clock: 54
2025-03-05 16:28:03,460 - INTERNAL event, logical clock: 55
2025-03-05 16:28:03,794 - INTERNAL event, logical clock: 56
2025-03-05 16:28:04,132 - INTERNAL event, logical clock: 57
2025-03-05 16:28:04,470 - INTERNAL event, logical clock: 58
2025-03-05 16:28:04,804 - INTERNAL event, logical clock: 59
2025-03-05 16:28:05,143 - INTERNAL event, logical clock: 60
2025-03-05 16:28:05,481 - RECEIVE event, queue length: 0, logical clock: 72
2025-03-05 16:28:05,816 - INTERNAL event, logical clock: 73
2025-03-05 16:28:06,151 - INTERNAL event, logical clock: 74
2025-03-05 16:28:06,489 - INTERNAL event, logical clock: 75
2025-03-05 16:28:06,828 - INTERNAL event, logical clock: 76
2025-03-05 16:28:07,166 - RECEIVE event, queue length: 0, logical clock: 82
2025-03-05 16:28:07,504 - INTERNAL event, logical clock: 83
2025-03-05 16:28:07,842 - SEND event to ALL machines, logical clock: 84
2025-03-05 16:28:08,179 - INTERNAL event, logical clock: 85
2025-03-05 16:28:08,513 - INTERNAL event, logical clock: 86
2025-03-05 16:28:08,851 - INTERNAL event, logical clock: 87
2025-03-05 16:28:09,189 - INTERNAL event, logical clock: 88
2025-03-05 16:28:09,527 - INTERNAL event, logical clock: 89
2025-03-05 16:28:09,861 - INTERNAL event, logical clock: 90
2025-03-05 16:28:10,199 - RECEIVE event, queue length: 0, logical clock: 100
2025-03-05 16:28:10,536 - INTERNAL event, logical clock: 101
2025-03-05 16:28:10,874 - INTERNAL event, logical clock: 102
2025-03-05 16:28:11,211 - INTERNAL event, logical clock: 103
2025-03-05 16:28:11,549 - RECEIVE event, queue length: 0, logical clock: 108
2025-03-05 16:28:11,882 - INTERNAL event, logical clock: 109
2025-03-05 16:28:12,221 - SEND event to port 5001, logical clock: 110
2025-03-05 16:28:12,559 - RECEIVE event, queue length: 0, logical clock: 114
2025-03-05 16:28:12,898 - RECEIVE event, queue length: 0, logical clock: 115
2025-03-05 16:28:13,236 - INTERNAL event, logical clock: 116
2025-03-05 16:28:13,573 - INTERNAL event, logical clock: 117
2025-03-05 16:28:13,911 - INTERNAL event, logical clock: 118
2025-03-05 16:28:14,249 - RECEIVE event, queue length: 0, logical clock: 123
2025-03-05 16:28:14,585 - INTERNAL event, logical clock: 124
2025-03-05 16:28:14,924 - INTERNAL event, logical clock: 125
2025-03-05 16:28:15,259 - INTERNAL event, logical clock: 126
2025-03-05 16:28:15,597 - SEND event to port 5001, logical clock: 127
2025-03-05 16:28:15,931 - RECEIVE event, queue length: 0, logical clock: 134
2025-03-05 16:28:16,268 - RECEIVE event, queue length: 0, logical clock: 136
2025-03-05 16:28:16,602 - INTERNAL event, logical clock: 137
2025-03-05 16:28:16,941 - INTERNAL event, logical clock: 138
2025-03-05 16:28:17,277 - RECEIVE event, queue length: 0, logical clock: 142
2025-03-05 16:28:17,616 - INTERNAL event, logical clock: 143
2025-03-05 16:28:17,954 - INTERNAL event, logical clock: 144
2025-03-05 16:28:18,289 - INTERNAL event, logical clock: 145
2025-03-05 16:28:18,622 - INTERNAL event, logical clock: 146
2025-03-05 16:28:18,957 - INTERNAL event, logical clock: 147
2025-03-05 16:28:19,294 - INTERNAL event, logical clock: 148
2025-03-05 16:28:19,631 - INTERNAL event, logical clock: 149
2025-03-05 16:28:19,964 - INTERNAL event, logical clock: 150
2025-03-05 16:28:20,301 - INTERNAL event, logical clock: 151
2025-03-05 16:28:20,636 - INTERNAL event, logical clock: 152
2025-03-05 16:28:20,974 - SEND event to port 5003, logical clock: 153
2025-03-05 16:28:21,308 - INTERNAL event, logical clock: 154
2025-03-05 16:28:21,647 - INTERNAL event, logical clock: 155
2025-03-05 16:28:21,985 - INTERNAL event, logical clock: 156
2025-03-05 16:28:22,323 - INTERNAL event, logical clock: 157
2025-03-05 16:28:22,658 - SEND event to ALL machines, logical clock: 158
2025-03-05 16:28:22,996 - INTERNAL event, logical clock: 159
2025-03-05 16:28:23,334 - INTERNAL event, logical clock: 160
2025-03-05 16:28:23,671 - INTERNAL event, logical clock: 161
2025-03-05 16:28:24,007 - RECEIVE event, queue length: 0, logical clock: 180
2025-03-05 16:28:24,345 - INTERNAL event, logical clock: 181
2025-03-05 16:28:24,683 - INTERNAL event, logical clock: 182
2025-03-05 16:28:25,019 - INTERNAL event, logical clock: 183
2025-03-05 16:28:25,353 - INTERNAL event, logical clock: 184
2025-03-05 16:28:25,691 - INTERNAL event, logical clock: 185
2025-03-05 16:28:26,028 - RECEIVE event, queue length: 0, logical clock: 193
2025-03-05 16:28:26,366 - INTERNAL event, logical clock: 194
2025-03-05 16:28:26,704 - INTERNAL event, logical clock: 195
2025-03-05 16:28:27,042 - INTERNAL event, logical clock: 196
2025-03-05 16:28:27,381 - RECEIVE event, queue length: 0, logical clock: 201
2025-03-05 16:28:27,719 - INTERNAL event, logical clock: 202
2025-03-05 16:28:28,058 - INTERNAL event, logical clock: 203
2025-03-05 16:28:28,396 - INTERNAL event, logical clock: 204
2025-03-05 16:28:28,735 - INTERNAL event, logical clock: 205
2025-03-05 16:28:29,073 - INTERNAL event, logical clock: 206
2025-03-05 16:28:29,411 - INTERNAL event, logical clock: 207
2025-03-05 16:28:29,749 - INTERNAL event, logical clock: 208
2025-03-05 16:28:30,085 - INTERNAL event, logical clock: 209
2025-03-05 16:28:30,422 - RECEIVE event, queue length: 0, logical clock: 218
2025-03-05 16:28:30,758 - INTERNAL event, logical clock: 219
2025-03-05 16:28:31,093 - INTERNAL event, logical clock: 220
2025-03-05 16:28:31,428 - INTERNAL event, logical clock: 221
2025-03-05 16:28:31,765 - INTERNAL event, logical clock: 222
2025-03-05 16:28:32,103 - INTERNAL event, logical clock: 223
2025-03-05 16:28:32,439 - INTERNAL event, logical clock: 224
2025-03-05 16:28:32,776 - RECEIVE event, queue length: 0, logical clock: 233
2025-03-05 16:28:33,114 - INTERNAL event, logical clock: 234
2025-03-05 16:28:33,451 - INTERNAL event, logical clock: 235
2025-03-05 16:28:33,789 - INTERNAL event, logical clock: 236
2025-03-05 16:28:34,124 - INTERNAL event, logical clock: 237
2025-03-05 16:28:34,462 - INTERNAL event, logical clock: 238
2025-03-05 16:28:34,798 - RECEIVE event, queue length: 0, logical clock: 245
2025-03-05 16:28:35,136 - RECEIVE event, queue length: 0, logical clock: 247
2025-03-05 16:28:35,480 - RECEIVE event, queue length: 0, logical clock: 249
2025-03-05 16:28:35,817 - INTERNAL event, logical clock: 250
2025-03-05 16:28:36,150 - INTERNAL event, logical clock: 251
2025-03-05 16:28:36,489 - INTERNAL event, logical clock: 252
2025-03-05 16:28:36,827 - INTERNAL event, logical clock: 253
2025-03-05 16:28:37,164 - INTERNAL event, logical clock: 254
2025-03-05 16:28:37,503 - SEND event to ALL machines, logical clock: 255
2025-03-05 16:28:37,837 - INTERNAL event, logical clock: 256
2025-03-05 16:28:38,171 - INTERNAL event, logical clock: 257
2025-03-05 16:28:38,508 - INTERNAL event, logical clock: 258
2025-03-05 16:28:38,846 - INTERNAL event, logical clock: 259
2025-03-05 16:28:39,181 - INTERNAL event, logical clock: 260
2025-03-05 16:28:39,516 - RECEIVE event, queue length: 0, logical clock: 272
2025-03-05 16:28:39,850 - INTERNAL event, logical clock: 273
2025-03-05 16:28:40,189 - SEND event to port 5003, logical clock: 274
2025-03-05 16:28:40,527 - INTERNAL event, logical clock: 275
2025-03-05 16:28:40,865 - INTERNAL event, logical clock: 276
2025-03-05 16:28:41,203 - INTERNAL event, logical clock: 277
2025-03-05 16:28:41,541 - INTERNAL event, logical clock: 278
2025-03-05 16:28:41,879 - INTERNAL event, logical clock: 279
2025-03-05 16:28:42,214 - RECEIVE event, queue length: 0, logical clock: 287
2025-03-05 16:28:42,549 - INTERNAL event, logical clock: 288
2025-03-05 16:28:42,888 - INTERNAL event, logical clock: 289
2025-03-05 16:28:43,223 - RECEIVE event, queue length: 0, logical clock: 294
2025-03-05 16:28:43,559 - INTERNAL event, logical clock: 295
2025-03-05 16:28:43,897 - INTERNAL event, logical clock: 296
2025-03-05 16:28:44,235 - INTERNAL event, logical clock: 297
2025-03-05 16:28:44,573 - INTERNAL event, logical clock: 298
2025-03-05 16:28:44,911 - INTERNAL event, logical clock: 299
2025-03-05 16:28:45,247 - INTERNAL event, logical clock: 300
2025-03-05 16:28:45,581 - INTERNAL event, logical clock: 301
2025-03-05 16:28:45,919 - INTERNAL event, logical clock: 302
2025-03-05 16:28:46,258 - INTERNAL event, logical clock: 303
2025-03-05 16:28:46,596 - INTERNAL event, logical clock: 304
2025-03-05 16:28:46,935 - INTERNAL event, logical clock: 305
2025-03-05 16:28:47,270 - INTERNAL event, logical clock: 306
2025-03-05 16:28:47,608 - INTERNAL event, logical clock: 307
2025-03-05 16:28:47,947 - INTERNAL event, logical clock: 308
2025-03-05 16:28:48,282 - RECEIVE event, queue length: 0, logical clock: 323
2025-03-05 16:28:48,620 - INTERNAL event, logical clock: 324
2025-03-05 16:28:48,954 - INTERNAL event, logical clock: 325
2025-03-05 16:28:49,292 - INTERNAL event, logical clock: 326
2025-03-05 16:28:49,629 - RECEIVE event, queue length: 0, logical clock: 327
2025-03-05 16:28:49,967 - INTERNAL event, logical clock: 328
2025-03-05 16:28:50,303 - SEND event to port 5003, logical clock: 329
2025-03-05 16:28:50,637 - INTERNAL event, logical clock: 330
2025-03-05 16:28:50,974 - INTERNAL event, logical clock: 331
2025-03-05 16:28:51,313 - INTERNAL event, logical clock: 332
2025-03-05 16:28:51,313 - Machine 1 stopped. Final logical clock: 332
