2025-03-05 16:27:53,325 - Connected to machine on port 5002
2025-03-05 16:27:53,332 - Connected to machine on port 5003
2025-03-05 16:27:53,333 - Machine 0 starting with clock rate 1
2025-03-05 16:27:53,333 - INTERNAL event, logical clock: 1
2025-03-05 16:27:54,338 - SEND event to port 5002, logical clock: 2
2025-03-05 16:27:55,343 - INTERNAL event, logical clock: 3
2025-03-05 16:27:56,348 - RECEIVE event, queue length: 2, logical clock: 8
2025-03-05 16:27:57,351 - RECEIVE event, queue length: 1, logical clock: 15
2025-03-05 16:27:58,355 - RECEIVE event, queue length: 1, logical clock: 16
2025-03-05 16:27:59,359 - RECEIVE event, queue length: 0, logical clock: 26
2025-03-05 16:28:00,364 - RECEIVE event, queue length: 0, logical clock: 39
2025-03-05 16:28:01,369 - RECEIVE event, queue length: 0, logical clock: 46
2025-03-05 16:28:02,374 - INTERNAL event, logical clock: 47
2025-03-05 16:28:03,379 - RECEIVE event, queue length: 0, logical clock: 53
2025-03-05 16:28:04,384 - INTERNAL event, logical clock: 54
2025-03-05 16:28:05,390 - INTERNAL event, logical clock: 55
2025-03-05 16:28:06,395 - INTERNAL event, logical clock: 56
2025-03-05 16:28:07,400 - RECEIVE event, queue length: 1, logical clock: 81
2025-03-05 16:28:08,405 - RECEIVE event, queue length: 2, logical clock: 82
2025-03-05 16:28:09,410 - RECEIVE event, queue length: 1, logical clock: 85
2025-03-05 16:28:10,415 - RECEIVE event, queue length: 1, logical clock: 86
2025-03-05 16:28:11,420 - RECEIVE event, queue length: 0, logical clock: 100
2025-03-05 16:28:12,423 - RECEIVE event, queue length: 0, logical clock: 111
2025-03-05 16:28:13,428 - RECEIVE event, queue length: 0, logical clock: 114
2025-03-05 16:28:14,433 - RECEIVE event, queue length: 0, logical clock: 125
2025-03-05 16:28:15,438 - INTERNAL event, logical clock: 126
2025-03-05 16:28:16,440 - RECEIVE event, queue length: 1, logical clock: 128
2025-03-05 16:28:17,440 - RECEIVE event, queue length: 1, logical clock: 136
2025-03-05 16:28:18,445 - RECEIVE event, queue length: 0, logical clock: 141
2025-03-05 16:28:19,450 - INTERNAL event, logical clock: 142
2025-03-05 16:28:20,455 - INTERNAL event, logical clock: 143
2025-03-05 16:28:21,457 - INTERNAL event, logical clock: 144
2025-03-05 16:28:22,462 - INTERNAL event, logical clock: 145
2025-03-05 16:28:23,467 - RECEIVE event, queue length: 0, logical clock: 159
2025-03-05 16:28:24,472 - RECEIVE event, queue length: 0, logical clock: 180
2025-03-05 16:28:25,477 - INTERNAL event, logical clock: 181
2025-03-05 16:28:26,482 - INTERNAL event, logical clock: 182
2025-03-05 16:28:27,483 - RECEIVE event, queue length: 1, logical clock: 198
2025-03-05 16:28:28,484 - RECEIVE event, queue length: 0, logical clock: 201
2025-03-05 16:28:29,487 - SEND event to port 5003, logical clock: 202
2025-03-05 16:28:30,488 - RECEIVE event, queue length: 0, logical clock: 218
2025-03-05 16:28:31,488 - INTERNAL event, logical clock: 219
2025-03-05 16:28:32,493 - INTERNAL event, logical clock: 220
2025-03-05 16:28:33,498 - RECEIVE event, queue length: 0, logical clock: 233
2025-03-05 16:28:34,500 - RECEIVE event, queue length: 1, logical clock: 241
2025-03-05 16:28:35,501 - RECEIVE event, queue length: 2, logical clock: 243
2025-03-05 16:28:36,506 - RECEIVE event, queue length: 1, logical clock: 245
2025-03-05 16:28:37,511 - RECEIVE event, queue length: 1, logical clock: 247
2025-03-05 16:28:38,514 - RECEIVE event, queue length: 0, logical clock: 256
2025-03-05 16:28:39,519 - RECEIVE event, queue length: 0, logical clock: 272
2025-03-05 16:28:40,520 - INTERNAL event, logical clock: 273
2025-03-05 16:28:41,525 - INTERNAL event, logical clock: 274
2025-03-05 16:28:42,525 - RECEIVE event, queue length: 1, logical clock: 287
2025-03-05 16:28:43,530 - RECEIVE event, queue length: 1, logical clock: 290
2025-03-05 16:28:44,533 - RECEIVE event, queue length: 0, logical clock: 291
2025-03-05 16:28:45,533 - INTERNAL event, logical clock: 292
2025-03-05 16:28:46,537 - INTERNAL event, logical clock: 293
2025-03-05 16:28:47,538 - INTERNAL event, logical clock: 294
2025-03-05 16:28:48,539 - INTERNAL event, logical clock: 295
2025-03-05 16:28:49,543 - SEND event to port 5002, logical clock: 296
2025-03-05 16:28:50,547 - INTERNAL event, logical clock: 297
2025-03-05 16:28:51,312 - Machine 0 stopped. Final logical clock: 297
