2025-03-04 15:22:28,297 - Connected to machine on port 5002
2025-03-04 15:22:28,301 - Connected to machine on port 5003
2025-03-04 15:22:28,301 - Machine 0 starting with clock rate 3
2025-03-04 15:22:28,302 - INTERNAL event, logical clock: 1
2025-03-04 15:22:28,640 - SEND event to ALL machines, logical clock: 2
2025-03-04 15:22:28,975 - INTERNAL event, logical clock: 3
2025-03-04 15:22:29,313 - INTERNAL event, logical clock: 4
2025-03-04 15:22:29,651 - RECEIVE event, queue length: 0, logical clock: 7
2025-03-04 15:22:29,989 - SEND event to ALL machines, logical clock: 8
2025-03-04 15:22:30,326 - SEND event to ALL machines, logical clock: 9
2025-03-04 15:22:30,665 - SEND event to port 5003, logical clock: 10
2025-03-04 15:22:31,003 - INTERNAL event, logical clock: 11
2025-03-04 15:22:31,341 - INTERNAL event, logical clock: 12
2025-03-04 15:22:31,679 - INTERNAL event, logical clock: 13
2025-03-04 15:22:32,018 - SEND event to port 5002, logical clock: 14
2025-03-04 15:22:32,356 - INTERNAL event, logical clock: 15
2025-03-04 15:22:32,690 - INTERNAL event, logical clock: 16
2025-03-04 15:22:33,027 - RECEIVE event, queue length: 0, logical clock: 19
2025-03-04 15:22:33,365 - RECEIVE event, queue length: 0, logical clock: 20
2025-03-04 15:22:33,704 - SEND event to port 5003, logical clock: 21
2025-03-04 15:22:34,039 - INTERNAL event, logical clock: 22
2025-03-04 15:22:34,374 - INTERNAL event, logical clock: 23
2025-03-04 15:22:34,710 - INTERNAL event, logical clock: 24
2025-03-04 15:22:35,044 - INTERNAL event, logical clock: 25
2025-03-04 15:22:35,379 - SEND event to port 5003, logical clock: 26
2025-03-04 15:22:35,717 - INTERNAL event, logical clock: 27
2025-03-04 15:22:36,055 - RECEIVE event, queue length: 0, logical clock: 30
2025-03-04 15:22:36,295 - Machine 0 stopped. Final logical clock: 30
