2025-03-04 15:22:04,261 - Connected to machine on port 5002
2025-03-04 15:22:04,266 - Connected to machine on port 5003
2025-03-04 15:22:04,266 - Machine 0 starting with clock rate 4
2025-03-04 15:22:04,267 - INTERNAL event, logical clock: 1
2025-03-04 15:22:04,522 - RECEIVE event, queue length: 0, logical clock: 3
2025-03-04 15:22:04,777 - INTERNAL event, logical clock: 4
2025-03-04 15:22:05,032 - INTERNAL event, logical clock: 5
2025-03-04 15:22:05,287 - SEND event to ALL machines, logical clock: 6
2025-03-04 15:22:05,542 - SEND event to ALL machines, logical clock: 7
2025-03-04 15:22:05,797 - INTERNAL event, logical clock: 8
2025-03-04 15:22:06,052 - RECEIVE event, queue length: 0, logical clock: 11
2025-03-04 15:22:06,303 - INTERNAL event, logical clock: 12
2025-03-04 15:22:06,558 - INTERNAL event, logical clock: 13
2025-03-04 15:22:06,810 - RECEIVE event, queue length: 0, logical clock: 16
2025-03-04 15:22:07,063 - SEND event to ALL machines, logical clock: 17
2025-03-04 15:22:07,316 - INTERNAL event, logical clock: 18
2025-03-04 15:22:07,571 - SEND event to port 5002, logical clock: 19
2025-03-04 15:22:07,823 - INTERNAL event, logical clock: 20
2025-03-04 15:22:08,077 - INTERNAL event, logical clock: 21
2025-03-04 15:22:08,332 - RECEIVE event, queue length: 0, logical clock: 26
2025-03-04 15:22:08,587 - SEND event to port 5002, logical clock: 27
2025-03-04 15:22:08,842 - SEND event to port 5002, logical clock: 28
2025-03-04 15:22:09,097 - INTERNAL event, logical clock: 29
2025-03-04 15:22:09,349 - INTERNAL event, logical clock: 30
2025-03-04 15:22:09,599 - INTERNAL event, logical clock: 31
2025-03-04 15:22:09,854 - INTERNAL event, logical clock: 32
2025-03-04 15:22:10,109 - INTERNAL event, logical clock: 33
2025-03-04 15:22:10,364 - RECEIVE event, queue length: 0, logical clock: 39
2025-03-04 15:22:10,616 - INTERNAL event, logical clock: 40
2025-03-04 15:22:10,866 - SEND event to ALL machines, logical clock: 41
2025-03-04 15:22:11,121 - INTERNAL event, logical clock: 42
2025-03-04 15:22:11,376 - SEND event to ALL machines, logical clock: 43
2025-03-04 15:22:11,631 - INTERNAL event, logical clock: 44
2025-03-04 15:22:11,885 - RECEIVE event, queue length: 0, logical clock: 48
2025-03-04 15:22:12,137 - INTERNAL event, logical clock: 49
2025-03-04 15:22:12,253 - Machine 0 stopped. Final logical clock: 49
