2025-03-04 21:18:48,188 - Connected to machine on port 5001
2025-03-04 21:18:48,189 - Connected to machine on port 5003
2025-03-04 21:18:48,189 - Machine 1 starting with clock rate 3
2025-03-04 21:18:48,189 - INTERNAL event, logical clock: 1
2025-03-04 21:18:48,528 - SEND event to ALL machines, logical clock: 2
2025-03-04 21:18:48,866 - INTERNAL event, logical clock: 3
2025-03-04 21:18:49,204 - SEND event to port 5003, logical clock: 4
2025-03-04 21:18:49,543 - RECEIVE event, queue length: 1, logical clock: 5
2025-03-04 21:18:49,879 - RECEIVE event, queue length: 1, logical clock: 6
2025-03-04 21:18:50,212 - RECEIVE event, queue length: 0, logical clock: 7
2025-03-04 21:18:50,551 - RECEIVE event, queue length: 0, logical clock: 8
2025-03-04 21:18:50,889 - RECEIVE event, queue length: 1, logical clock: 9
2025-03-04 21:18:51,227 - RECEIVE event, queue length: 0, logical clock: 10
2025-03-04 21:18:51,562 - SEND event to port 5001, logical clock: 11
2025-03-04 21:18:51,900 - INTERNAL event, logical clock: 12
2025-03-04 21:18:52,234 - SEND event to ALL machines, logical clock: 13
2025-03-04 21:18:52,573 - RECEIVE event, queue length: 0, logical clock: 14
2025-03-04 21:18:52,909 - INTERNAL event, logical clock: 15
2025-03-04 21:18:53,246 - RECEIVE event, queue length: 1, logical clock: 17
2025-03-04 21:18:53,581 - RECEIVE event, queue length: 1, logical clock: 18
2025-03-04 21:18:53,918 - RECEIVE event, queue length: 0, logical clock: 19
2025-03-04 21:18:54,254 - INTERNAL event, logical clock: 20
2025-03-04 21:18:54,592 - INTERNAL event, logical clock: 21
2025-03-04 21:18:54,931 - RECEIVE event, queue length: 0, logical clock: 22
2025-03-04 21:18:55,269 - SEND event to port 5003, logical clock: 23
2025-03-04 21:18:55,608 - INTERNAL event, logical clock: 24
2025-03-04 21:18:55,946 - INTERNAL event, logical clock: 25
2025-03-04 21:18:56,284 - INTERNAL event, logical clock: 26
2025-03-04 21:18:56,622 - RECEIVE event, queue length: 0, logical clock: 27
2025-03-04 21:18:56,960 - INTERNAL event, logical clock: 28
2025-03-04 21:18:57,299 - INTERNAL event, logical clock: 29
2025-03-04 21:18:57,635 - SEND event to ALL machines, logical clock: 30
2025-03-04 21:18:57,969 - INTERNAL event, logical clock: 31
2025-03-04 21:18:58,306 - INTERNAL event, logical clock: 32
2025-03-04 21:18:58,644 - SEND event to port 5001, logical clock: 33
2025-03-04 21:18:58,979 - INTERNAL event, logical clock: 34
2025-03-04 21:18:59,314 - INTERNAL event, logical clock: 35
2025-03-04 21:18:59,650 - RECEIVE event, queue length: 0, logical clock: 36
2025-03-04 21:18:59,988 - SEND event to port 5003, logical clock: 37
2025-03-04 21:19:00,324 - RECEIVE event, queue length: 1, logical clock: 38
2025-03-04 21:19:00,662 - RECEIVE event, queue length: 0, logical clock: 39
2025-03-04 21:19:01,001 - RECEIVE event, queue length: 0, logical clock: 40
2025-03-04 21:19:01,339 - INTERNAL event, logical clock: 41
2025-03-04 21:19:01,678 - SEND event to port 5003, logical clock: 42
2025-03-04 21:19:02,016 - INTERNAL event, logical clock: 43
2025-03-04 21:19:02,351 - INTERNAL event, logical clock: 44
2025-03-04 21:19:02,684 - RECEIVE event, queue length: 0, logical clock: 47
2025-03-04 21:19:03,023 - INTERNAL event, logical clock: 48
2025-03-04 21:19:03,361 - RECEIVE event, queue length: 0, logical clock: 49
2025-03-04 21:19:03,699 - RECEIVE event, queue length: 0, logical clock: 50
2025-03-04 21:19:04,034 - INTERNAL event, logical clock: 51
2025-03-04 21:19:04,373 - SEND event to port 5001, logical clock: 52
2025-03-04 21:19:04,711 - RECEIVE event, queue length: 0, logical clock: 54
2025-03-04 21:19:05,047 - INTERNAL event, logical clock: 55
2025-03-04 21:19:05,381 - RECEIVE event, queue length: 0, logical clock: 56
2025-03-04 21:19:05,717 - INTERNAL event, logical clock: 57
2025-03-04 21:19:06,055 - INTERNAL event, logical clock: 58
2025-03-04 21:19:06,392 - SEND event to port 5003, logical clock: 59
2025-03-04 21:19:06,731 - INTERNAL event, logical clock: 60
2025-03-04 21:19:07,069 - INTERNAL event, logical clock: 61
2025-03-04 21:19:07,403 - INTERNAL event, logical clock: 62
2025-03-04 21:19:07,741 - SEND event to port 5001, logical clock: 63
2025-03-04 21:19:08,079 - INTERNAL event, logical clock: 64
2025-03-04 21:19:08,413 - SEND event to port 5001, logical clock: 65
2025-03-04 21:19:08,751 - INTERNAL event, logical clock: 66
2025-03-04 21:19:09,085 - INTERNAL event, logical clock: 67
2025-03-04 21:19:09,422 - RECEIVE event, queue length: 0, logical clock: 69
2025-03-04 21:19:09,760 - INTERNAL event, logical clock: 70
2025-03-04 21:19:10,098 - INTERNAL event, logical clock: 71
2025-03-04 21:19:10,432 - RECEIVE event, queue length: 0, logical clock: 72
2025-03-04 21:19:10,771 - INTERNAL event, logical clock: 73
2025-03-04 21:19:11,105 - SEND event to ALL machines, logical clock: 74
2025-03-04 21:19:11,439 - INTERNAL event, logical clock: 75
2025-03-04 21:19:11,778 - INTERNAL event, logical clock: 76
2025-03-04 21:19:12,112 - RECEIVE event, queue length: 0, logical clock: 78
2025-03-04 21:19:12,448 - INTERNAL event, logical clock: 79
2025-03-04 21:19:12,782 - INTERNAL event, logical clock: 80
2025-03-04 21:19:13,118 - SEND event to port 5003, logical clock: 81
2025-03-04 21:19:13,457 - INTERNAL event, logical clock: 82
2025-03-04 21:19:13,791 - INTERNAL event, logical clock: 83
2025-03-04 21:19:14,126 - RECEIVE event, queue length: 1, logical clock: 85
2025-03-04 21:19:14,462 - RECEIVE event, queue length: 0, logical clock: 86
2025-03-04 21:19:14,800 - SEND event to port 5001, logical clock: 87
2025-03-04 21:19:15,138 - INTERNAL event, logical clock: 88
2025-03-04 21:19:15,477 - INTERNAL event, logical clock: 89
2025-03-04 21:19:15,812 - INTERNAL event, logical clock: 90
2025-03-04 21:19:16,146 - SEND event to port 5001, logical clock: 91
2025-03-04 21:19:16,481 - INTERNAL event, logical clock: 92
2025-03-04 21:19:16,819 - INTERNAL event, logical clock: 93
2025-03-04 21:19:17,158 - INTERNAL event, logical clock: 94
2025-03-04 21:19:17,492 - INTERNAL event, logical clock: 95
2025-03-04 21:19:17,826 - RECEIVE event, queue length: 0, logical clock: 96
2025-03-04 21:19:18,164 - RECEIVE event, queue length: 0, logical clock: 97
2025-03-04 21:19:18,502 - SEND event to port 5003, logical clock: 98
2025-03-04 21:19:18,840 - INTERNAL event, logical clock: 99
2025-03-04 21:19:19,174 - INTERNAL event, logical clock: 100
2025-03-04 21:19:19,513 - SEND event to port 5001, logical clock: 101
2025-03-04 21:19:19,847 - INTERNAL event, logical clock: 102
2025-03-04 21:19:20,185 - INTERNAL event, logical clock: 103
2025-03-04 21:19:20,523 - SEND event to ALL machines, logical clock: 104
2025-03-04 21:19:20,858 - INTERNAL event, logical clock: 105
2025-03-04 21:19:21,193 - RECEIVE event, queue length: 0, logical clock: 107
2025-03-04 21:19:21,531 - INTERNAL event, logical clock: 108
2025-03-04 21:19:21,865 - INTERNAL event, logical clock: 109
2025-03-04 21:19:22,203 - RECEIVE event, queue length: 0, logical clock: 110
2025-03-04 21:19:22,542 - INTERNAL event, logical clock: 111
2025-03-04 21:19:22,880 - RECEIVE event, queue length: 0, logical clock: 112
2025-03-04 21:19:23,219 - RECEIVE event, queue length: 0, logical clock: 113
2025-03-04 21:19:23,557 - RECEIVE event, queue length: 1, logical clock: 114
2025-03-04 21:19:23,894 - RECEIVE event, queue length: 1, logical clock: 115
2025-03-04 21:19:24,233 - RECEIVE event, queue length: 0, logical clock: 116
2025-03-04 21:19:24,569 - INTERNAL event, logical clock: 117
2025-03-04 21:19:24,908 - RECEIVE event, queue length: 0, logical clock: 118
2025-03-04 21:19:25,246 - RECEIVE event, queue length: 0, logical clock: 120
2025-03-04 21:19:25,585 - SEND event to port 5003, logical clock: 121
2025-03-04 21:19:25,919 - SEND event to port 5001, logical clock: 122
2025-03-04 21:19:26,258 - INTERNAL event, logical clock: 123
2025-03-04 21:19:26,596 - RECEIVE event, queue length: 0, logical clock: 125
2025-03-04 21:19:26,935 - SEND event to ALL machines, logical clock: 126
2025-03-04 21:19:27,273 - SEND event to port 5001, logical clock: 127
2025-03-04 21:19:27,610 - INTERNAL event, logical clock: 128
2025-03-04 21:19:27,948 - INTERNAL event, logical clock: 129
2025-03-04 21:19:28,286 - RECEIVE event, queue length: 0, logical clock: 131
2025-03-04 21:19:28,620 - INTERNAL event, logical clock: 132
2025-03-04 21:19:28,959 - RECEIVE event, queue length: 0, logical clock: 133
2025-03-04 21:19:29,297 - SEND event to ALL machines, logical clock: 134
2025-03-04 21:19:29,636 - INTERNAL event, logical clock: 135
2025-03-04 21:19:29,973 - SEND event to port 5003, logical clock: 136
2025-03-04 21:19:30,309 - INTERNAL event, logical clock: 137
2025-03-04 21:19:30,645 - INTERNAL event, logical clock: 138
2025-03-04 21:19:30,983 - INTERNAL event, logical clock: 139
2025-03-04 21:19:31,321 - INTERNAL event, logical clock: 140
2025-03-04 21:19:31,655 - RECEIVE event, queue length: 0, logical clock: 141
2025-03-04 21:19:31,990 - SEND event to port 5003, logical clock: 142
2025-03-04 21:19:32,327 - RECEIVE event, queue length: 0, logical clock: 143
2025-03-04 21:19:32,663 - INTERNAL event, logical clock: 144
2025-03-04 21:19:33,000 - INTERNAL event, logical clock: 145
2025-03-04 21:19:33,334 - INTERNAL event, logical clock: 146
2025-03-04 21:19:33,673 - SEND event to ALL machines, logical clock: 147
2025-03-04 21:19:34,006 - SEND event to ALL machines, logical clock: 148
2025-03-04 21:19:34,343 - INTERNAL event, logical clock: 149
2025-03-04 21:19:34,681 - INTERNAL event, logical clock: 150
2025-03-04 21:19:35,015 - SEND event to ALL machines, logical clock: 151
2025-03-04 21:19:35,349 - SEND event to port 5001, logical clock: 152
2025-03-04 21:19:35,684 - INTERNAL event, logical clock: 153
2025-03-04 21:19:36,018 - INTERNAL event, logical clock: 154
2025-03-04 21:19:36,356 - INTERNAL event, logical clock: 155
2025-03-04 21:19:36,693 - INTERNAL event, logical clock: 156
2025-03-04 21:19:37,030 - RECEIVE event, queue length: 0, logical clock: 158
2025-03-04 21:19:37,368 - INTERNAL event, logical clock: 159
2025-03-04 21:19:37,706 - INTERNAL event, logical clock: 160
2025-03-04 21:19:38,039 - RECEIVE event, queue length: 0, logical clock: 161
2025-03-04 21:19:38,377 - SEND event to ALL machines, logical clock: 162
2025-03-04 21:19:38,715 - INTERNAL event, logical clock: 163
2025-03-04 21:19:39,049 - INTERNAL event, logical clock: 164
2025-03-04 21:19:39,386 - SEND event to ALL machines, logical clock: 165
2025-03-04 21:19:39,725 - INTERNAL event, logical clock: 166
2025-03-04 21:19:40,060 - RECEIVE event, queue length: 0, logical clock: 168
2025-03-04 21:19:40,398 - RECEIVE event, queue length: 0, logical clock: 169
2025-03-04 21:19:40,735 - SEND event to port 5003, logical clock: 170
2025-03-04 21:19:41,072 - RECEIVE event, queue length: 0, logical clock: 172
2025-03-04 21:19:41,410 - INTERNAL event, logical clock: 173
2025-03-04 21:19:41,746 - INTERNAL event, logical clock: 174
2025-03-04 21:19:42,083 - INTERNAL event, logical clock: 175
2025-03-04 21:19:42,422 - INTERNAL event, logical clock: 176
2025-03-04 21:19:42,758 - INTERNAL event, logical clock: 177
2025-03-04 21:19:43,093 - INTERNAL event, logical clock: 178
2025-03-04 21:19:43,432 - SEND event to ALL machines, logical clock: 179
2025-03-04 21:19:43,767 - INTERNAL event, logical clock: 180
2025-03-04 21:19:44,104 - INTERNAL event, logical clock: 181
2025-03-04 21:19:44,438 - INTERNAL event, logical clock: 182
2025-03-04 21:19:44,773 - RECEIVE event, queue length: 0, logical clock: 184
2025-03-04 21:19:45,111 - RECEIVE event, queue length: 0, logical clock: 185
2025-03-04 21:19:45,449 - INTERNAL event, logical clock: 186
2025-03-04 21:19:45,787 - RECEIVE event, queue length: 0, logical clock: 187
2025-03-04 21:19:46,125 - INTERNAL event, logical clock: 188
2025-03-04 21:19:46,184 - Machine 1 stopped. Final logical clock: 188
