2025-03-04 21:17:46,169 - Connected to machine on port 5001
2025-03-04 21:17:46,170 - Connected to machine on port 5002
2025-03-04 21:17:46,171 - Machine 2 starting with clock rate 4
2025-03-04 21:17:46,171 - INTERNAL event, logical clock: 1
2025-03-04 21:17:46,426 - RECEIVE event, queue length: 0, logical clock: 3
2025-03-04 21:17:46,681 - RECEIVE event, queue length: 0, logical clock: 4
2025-03-04 21:17:46,937 - RECEIVE event, queue length: 0, logical clock: 5
2025-03-04 21:17:47,188 - INTERNAL event, logical clock: 6
2025-03-04 21:17:47,443 - RECEIVE event, queue length: 0, logical clock: 7
2025-03-04 21:17:47,699 - SEND event to port 5002, logical clock: 8
2025-03-04 21:17:47,953 - RECEIVE event, queue length: 1, logical clock: 11
2025-03-04 21:17:48,209 - RECEIVE event, queue length: 0, logical clock: 12
2025-03-04 21:17:48,462 - SEND event to ALL machines, logical clock: 13
2025-03-04 21:17:48,713 - INTERNAL event, logical clock: 14
2025-03-04 21:17:48,968 - INTERNAL event, logical clock: 15
2025-03-04 21:17:49,224 - INTERNAL event, logical clock: 16
2025-03-04 21:17:49,474 - INTERNAL event, logical clock: 17
2025-03-04 21:17:49,726 - RECEIVE event, queue length: 0, logical clock: 22
2025-03-04 21:17:49,976 - RECEIVE event, queue length: 0, logical clock: 23
2025-03-04 21:17:50,231 - RECEIVE event, queue length: 0, logical clock: 25
2025-03-04 21:17:50,486 - INTERNAL event, logical clock: 26
2025-03-04 21:17:50,741 - SEND event to ALL machines, logical clock: 27
2025-03-04 21:17:50,996 - SEND event to ALL machines, logical clock: 28
2025-03-04 21:17:51,251 - SEND event to port 5002, logical clock: 29
2025-03-04 21:17:51,506 - SEND event to port 5001, logical clock: 30
2025-03-04 21:17:51,761 - RECEIVE event, queue length: 0, logical clock: 33
2025-03-04 21:17:52,016 - INTERNAL event, logical clock: 34
2025-03-04 21:17:52,268 - INTERNAL event, logical clock: 35
2025-03-04 21:17:52,523 - RECEIVE event, queue length: 1, logical clock: 36
2025-03-04 21:17:52,777 - RECEIVE event, queue length: 0, logical clock: 39
2025-03-04 21:17:53,031 - RECEIVE event, queue length: 0, logical clock: 41
2025-03-04 21:17:53,286 - INTERNAL event, logical clock: 42
2025-03-04 21:17:53,540 - SEND event to port 5001, logical clock: 43
2025-03-04 21:17:53,795 - INTERNAL event, logical clock: 44
2025-03-04 21:17:54,050 - RECEIVE event, queue length: 0, logical clock: 47
2025-03-04 21:17:54,305 - RECEIVE event, queue length: 0, logical clock: 48
2025-03-04 21:17:54,558 - RECEIVE event, queue length: 0, logical clock: 51
2025-03-04 21:17:54,811 - SEND event to port 5001, logical clock: 52
2025-03-04 21:17:55,066 - INTERNAL event, logical clock: 53
2025-03-04 21:17:55,321 - RECEIVE event, queue length: 0, logical clock: 54
2025-03-04 21:17:55,576 - RECEIVE event, queue length: 0, logical clock: 58
2025-03-04 21:17:55,827 - RECEIVE event, queue length: 0, logical clock: 59
2025-03-04 21:17:56,082 - INTERNAL event, logical clock: 60
2025-03-04 21:17:56,337 - RECEIVE event, queue length: 0, logical clock: 62
2025-03-04 21:17:56,592 - RECEIVE event, queue length: 0, logical clock: 64
2025-03-04 21:17:56,847 - SEND event to port 5002, logical clock: 65
2025-03-04 21:17:57,102 - INTERNAL event, logical clock: 66
2025-03-04 21:17:57,357 - INTERNAL event, logical clock: 67
2025-03-04 21:17:57,612 - RECEIVE event, queue length: 0, logical clock: 69
2025-03-04 21:17:57,867 - RECEIVE event, queue length: 0, logical clock: 70
2025-03-04 21:17:58,122 - RECEIVE event, queue length: 0, logical clock: 72
2025-03-04 21:17:58,377 - INTERNAL event, logical clock: 73
2025-03-04 21:17:58,628 - RECEIVE event, queue length: 0, logical clock: 74
2025-03-04 21:17:58,882 - SEND event to port 5002, logical clock: 75
2025-03-04 21:17:59,135 - INTERNAL event, logical clock: 76
2025-03-04 21:17:59,390 - INTERNAL event, logical clock: 77
2025-03-04 21:17:59,642 - INTERNAL event, logical clock: 78
2025-03-04 21:17:59,897 - RECEIVE event, queue length: 0, logical clock: 83
2025-03-04 21:18:00,147 - INTERNAL event, logical clock: 84
2025-03-04 21:18:00,402 - RECEIVE event, queue length: 0, logical clock: 85
2025-03-04 21:18:00,657 - RECEIVE event, queue length: 0, logical clock: 86
2025-03-04 21:18:00,911 - SEND event to port 5001, logical clock: 87
2025-03-04 21:18:01,166 - INTERNAL event, logical clock: 88
2025-03-04 21:18:01,417 - RECEIVE event, queue length: 0, logical clock: 91
2025-03-04 21:18:01,672 - INTERNAL event, logical clock: 92
2025-03-04 21:18:01,927 - INTERNAL event, logical clock: 93
2025-03-04 21:18:02,178 - SEND event to ALL machines, logical clock: 94
2025-03-04 21:18:02,432 - INTERNAL event, logical clock: 95
2025-03-04 21:18:02,684 - RECEIVE event, queue length: 0, logical clock: 99
2025-03-04 21:18:02,938 - INTERNAL event, logical clock: 100
2025-03-04 21:18:03,193 - INTERNAL event, logical clock: 101
2025-03-04 21:18:03,446 - RECEIVE event, queue length: 0, logical clock: 103
2025-03-04 21:18:03,697 - SEND event to port 5002, logical clock: 104
2025-03-04 21:18:03,951 - RECEIVE event, queue length: 0, logical clock: 105
2025-03-04 21:18:04,203 - INTERNAL event, logical clock: 106
2025-03-04 21:18:04,457 - INTERNAL event, logical clock: 107
2025-03-04 21:18:04,712 - INTERNAL event, logical clock: 108
2025-03-04 21:18:04,965 - INTERNAL event, logical clock: 109
2025-03-04 21:18:05,220 - INTERNAL event, logical clock: 110
2025-03-04 21:18:05,475 - RECEIVE event, queue length: 0, logical clock: 114
2025-03-04 21:18:05,730 - INTERNAL event, logical clock: 115
2025-03-04 21:18:05,984 - RECEIVE event, queue length: 1, logical clock: 118
2025-03-04 21:18:06,240 - RECEIVE event, queue length: 0, logical clock: 119
2025-03-04 21:18:06,491 - RECEIVE event, queue length: 0, logical clock: 121
2025-03-04 21:18:06,741 - INTERNAL event, logical clock: 122
2025-03-04 21:18:06,997 - RECEIVE event, queue length: 0, logical clock: 124
2025-03-04 21:18:07,250 - RECEIVE event, queue length: 1, logical clock: 125
2025-03-04 21:18:07,505 - RECEIVE event, queue length: 0, logical clock: 126
2025-03-04 21:18:07,760 - SEND event to port 5001, logical clock: 127
2025-03-04 21:18:08,015 - RECEIVE event, queue length: 0, logical clock: 130
2025-03-04 21:18:08,269 - INTERNAL event, logical clock: 131
2025-03-04 21:18:08,522 - INTERNAL event, logical clock: 132
2025-03-04 21:18:08,777 - RECEIVE event, queue length: 0, logical clock: 136
2025-03-04 21:18:09,032 - RECEIVE event, queue length: 0, logical clock: 137
2025-03-04 21:18:09,287 - SEND event to ALL machines, logical clock: 138
2025-03-04 21:18:09,538 - INTERNAL event, logical clock: 139
2025-03-04 21:18:09,789 - RECEIVE event, queue length: 0, logical clock: 141
2025-03-04 21:18:10,044 - RECEIVE event, queue length: 0, logical clock: 143
2025-03-04 21:18:10,296 - RECEIVE event, queue length: 0, logical clock: 145
2025-03-04 21:18:10,546 - RECEIVE event, queue length: 0, logical clock: 146
2025-03-04 21:18:10,799 - RECEIVE event, queue length: 0, logical clock: 147
2025-03-04 21:18:11,050 - RECEIVE event, queue length: 0, logical clock: 149
2025-03-04 21:18:11,301 - SEND event to port 5001, logical clock: 150
2025-03-04 21:18:11,552 - SEND event to ALL machines, logical clock: 151
2025-03-04 21:18:11,804 - INTERNAL event, logical clock: 152
2025-03-04 21:18:12,059 - RECEIVE event, queue length: 0, logical clock: 155
2025-03-04 21:18:12,309 - SEND event to port 5001, logical clock: 156
2025-03-04 21:18:12,564 - RECEIVE event, queue length: 0, logical clock: 157
2025-03-04 21:18:12,819 - RECEIVE event, queue length: 0, logical clock: 158
2025-03-04 21:18:13,073 - INTERNAL event, logical clock: 159
2025-03-04 21:18:13,327 - RECEIVE event, queue length: 1, logical clock: 162
2025-03-04 21:18:13,581 - RECEIVE event, queue length: 0, logical clock: 163
2025-03-04 21:18:13,831 - RECEIVE event, queue length: 0, logical clock: 166
2025-03-04 21:18:14,086 - SEND event to ALL machines, logical clock: 167
2025-03-04 21:18:14,341 - SEND event to ALL machines, logical clock: 168
2025-03-04 21:18:14,592 - INTERNAL event, logical clock: 169
2025-03-04 21:18:14,842 - INTERNAL event, logical clock: 170
2025-03-04 21:18:15,097 - INTERNAL event, logical clock: 171
2025-03-04 21:18:15,350 - RECEIVE event, queue length: 0, logical clock: 175
2025-03-04 21:18:15,605 - INTERNAL event, logical clock: 176
2025-03-04 21:18:15,855 - INTERNAL event, logical clock: 177
2025-03-04 21:18:16,110 - INTERNAL event, logical clock: 178
2025-03-04 21:18:16,365 - INTERNAL event, logical clock: 179
2025-03-04 21:18:16,620 - INTERNAL event, logical clock: 180
2025-03-04 21:18:16,872 - RECEIVE event, queue length: 0, logical clock: 182
2025-03-04 21:18:17,127 - RECEIVE event, queue length: 0, logical clock: 186
2025-03-04 21:18:17,383 - SEND event to port 5002, logical clock: 187
2025-03-04 21:18:17,636 - INTERNAL event, logical clock: 188
2025-03-04 21:18:17,891 - INTERNAL event, logical clock: 189
2025-03-04 21:18:18,144 - INTERNAL event, logical clock: 190
2025-03-04 21:18:18,399 - INTERNAL event, logical clock: 191
2025-03-04 21:18:18,654 - RECEIVE event, queue length: 0, logical clock: 195
2025-03-04 21:18:18,909 - INTERNAL event, logical clock: 196
2025-03-04 21:18:19,164 - INTERNAL event, logical clock: 197
2025-03-04 21:18:19,419 - SEND event to port 5001, logical clock: 198
2025-03-04 21:18:19,672 - INTERNAL event, logical clock: 199
2025-03-04 21:18:19,923 - INTERNAL event, logical clock: 200
2025-03-04 21:18:20,177 - INTERNAL event, logical clock: 201
2025-03-04 21:18:20,428 - SEND event to port 5002, logical clock: 202
2025-03-04 21:18:20,683 - INTERNAL event, logical clock: 203
2025-03-04 21:18:20,936 - INTERNAL event, logical clock: 204
2025-03-04 21:18:21,189 - RECEIVE event, queue length: 0, logical clock: 209
2025-03-04 21:18:21,444 - INTERNAL event, logical clock: 210
2025-03-04 21:18:21,699 - RECEIVE event, queue length: 0, logical clock: 213
2025-03-04 21:18:21,949 - RECEIVE event, queue length: 0, logical clock: 214
2025-03-04 21:18:22,203 - INTERNAL event, logical clock: 215
2025-03-04 21:18:22,456 - RECEIVE event, queue length: 0, logical clock: 217
2025-03-04 21:18:22,711 - RECEIVE event, queue length: 0, logical clock: 218
2025-03-04 21:18:22,963 - INTERNAL event, logical clock: 219
2025-03-04 21:18:23,217 - RECEIVE event, queue length: 0, logical clock: 220
2025-03-04 21:18:23,472 - SEND event to ALL machines, logical clock: 221
2025-03-04 21:18:23,726 - SEND event to ALL machines, logical clock: 222
2025-03-04 21:18:23,977 - SEND event to port 5002, logical clock: 223
2025-03-04 21:18:24,232 - INTERNAL event, logical clock: 224
2025-03-04 21:18:24,487 - INTERNAL event, logical clock: 225
2025-03-04 21:18:24,742 - INTERNAL event, logical clock: 226
2025-03-04 21:18:24,997 - INTERNAL event, logical clock: 227
2025-03-04 21:18:25,252 - INTERNAL event, logical clock: 228
2025-03-04 21:18:25,507 - INTERNAL event, logical clock: 229
2025-03-04 21:18:25,762 - SEND event to port 5002, logical clock: 230
2025-03-04 21:18:26,017 - INTERNAL event, logical clock: 231
2025-03-04 21:18:26,272 - INTERNAL event, logical clock: 232
2025-03-04 21:18:26,527 - INTERNAL event, logical clock: 233
2025-03-04 21:18:26,778 - RECEIVE event, queue length: 0, logical clock: 242
2025-03-04 21:18:27,029 - RECEIVE event, queue length: 0, logical clock: 244
2025-03-04 21:18:27,284 - INTERNAL event, logical clock: 245
2025-03-04 21:18:27,536 - SEND event to port 5001, logical clock: 246
2025-03-04 21:18:27,791 - SEND event to ALL machines, logical clock: 247
2025-03-04 21:18:28,046 - INTERNAL event, logical clock: 248
2025-03-04 21:18:28,296 - INTERNAL event, logical clock: 249
2025-03-04 21:18:28,551 - RECEIVE event, queue length: 0, logical clock: 252
2025-03-04 21:18:28,802 - RECEIVE event, queue length: 0, logical clock: 254
2025-03-04 21:18:29,056 - RECEIVE event, queue length: 0, logical clock: 255
2025-03-04 21:18:29,310 - INTERNAL event, logical clock: 256
2025-03-04 21:18:29,565 - INTERNAL event, logical clock: 257
2025-03-04 21:18:29,820 - INTERNAL event, logical clock: 258
2025-03-04 21:18:30,075 - INTERNAL event, logical clock: 259
2025-03-04 21:18:30,330 - INTERNAL event, logical clock: 260
2025-03-04 21:18:30,582 - RECEIVE event, queue length: 0, logical clock: 264
2025-03-04 21:18:30,837 - INTERNAL event, logical clock: 265
2025-03-04 21:18:31,088 - SEND event to ALL machines, logical clock: 266
2025-03-04 21:18:31,338 - INTERNAL event, logical clock: 267
2025-03-04 21:18:31,591 - INTERNAL event, logical clock: 268
2025-03-04 21:18:31,846 - INTERNAL event, logical clock: 269
2025-03-04 21:18:32,101 - INTERNAL event, logical clock: 270
2025-03-04 21:18:32,356 - INTERNAL event, logical clock: 271
2025-03-04 21:18:32,611 - RECEIVE event, queue length: 1, logical clock: 275
2025-03-04 21:18:32,866 - RECEIVE event, queue length: 0, logical clock: 276
2025-03-04 21:18:33,121 - INTERNAL event, logical clock: 277
2025-03-04 21:18:33,375 - RECEIVE event, queue length: 0, logical clock: 281
2025-03-04 21:18:33,627 - RECEIVE event, queue length: 1, logical clock: 283
2025-03-04 21:18:33,880 - RECEIVE event, queue length: 0, logical clock: 284
2025-03-04 21:18:34,136 - INTERNAL event, logical clock: 285
2025-03-04 21:18:34,390 - INTERNAL event, logical clock: 286
2025-03-04 21:18:34,646 - INTERNAL event, logical clock: 287
2025-03-04 21:18:34,901 - INTERNAL event, logical clock: 288
2025-03-04 21:18:35,156 - INTERNAL event, logical clock: 289
2025-03-04 21:18:35,407 - INTERNAL event, logical clock: 290
2025-03-04 21:18:35,661 - RECEIVE event, queue length: 1, logical clock: 294
2025-03-04 21:18:35,916 - RECEIVE event, queue length: 1, logical clock: 295
2025-03-04 21:18:36,171 - RECEIVE event, queue length: 1, logical clock: 297
2025-03-04 21:18:36,426 - RECEIVE event, queue length: 0, logical clock: 298
2025-03-04 21:18:36,680 - SEND event to ALL machines, logical clock: 299
2025-03-04 21:18:36,935 - SEND event to port 5001, logical clock: 300
2025-03-04 21:18:37,189 - SEND event to ALL machines, logical clock: 301
2025-03-04 21:18:37,444 - INTERNAL event, logical clock: 302
2025-03-04 21:18:37,694 - SEND event to port 5002, logical clock: 303
2025-03-04 21:18:37,949 - INTERNAL event, logical clock: 304
2025-03-04 21:18:38,200 - RECEIVE event, queue length: 0, logical clock: 310
2025-03-04 21:18:38,455 - INTERNAL event, logical clock: 311
2025-03-04 21:18:38,707 - INTERNAL event, logical clock: 312
2025-03-04 21:18:38,963 - INTERNAL event, logical clock: 313
2025-03-04 21:18:39,215 - INTERNAL event, logical clock: 314
2025-03-04 21:18:39,466 - RECEIVE event, queue length: 2, logical clock: 316
2025-03-04 21:18:39,720 - RECEIVE event, queue length: 2, logical clock: 317
2025-03-04 21:18:39,973 - RECEIVE event, queue length: 1, logical clock: 318
2025-03-04 21:18:40,228 - RECEIVE event, queue length: 0, logical clock: 319
2025-03-04 21:18:40,481 - SEND event to port 5002, logical clock: 320
2025-03-04 21:18:40,735 - INTERNAL event, logical clock: 321
2025-03-04 21:18:40,986 - INTERNAL event, logical clock: 322
2025-03-04 21:18:41,239 - INTERNAL event, logical clock: 323
2025-03-04 21:18:41,494 - INTERNAL event, logical clock: 324
2025-03-04 21:18:41,748 - RECEIVE event, queue length: 0, logical clock: 330
2025-03-04 21:18:42,003 - INTERNAL event, logical clock: 331
2025-03-04 21:18:42,257 - INTERNAL event, logical clock: 332
2025-03-04 21:18:42,512 - RECEIVE event, queue length: 0, logical clock: 334
2025-03-04 21:18:42,767 - RECEIVE event, queue length: 0, logical clock: 336
2025-03-04 21:18:43,022 - SEND event to ALL machines, logical clock: 337
2025-03-04 21:18:43,274 - SEND event to ALL machines, logical clock: 338
2025-03-04 21:18:43,525 - INTERNAL event, logical clock: 339
2025-03-04 21:18:43,780 - RECEIVE event, queue length: 0, logical clock: 341
2025-03-04 21:18:44,035 - INTERNAL event, logical clock: 342
2025-03-04 21:18:44,168 - Machine 2 stopped. Final logical clock: 342
