2025-03-04 23:07:44,202 - Connected to machine on port 5001
2025-03-04 23:07:44,203 - Connected to machine on port 5002
2025-03-04 23:07:44,203 - Machine 2 starting with clock rate 2
2025-03-04 23:07:44,204 - SEND event to ALL machines, logical clock: 1
2025-03-04 23:07:44,709 - RECEIVE event, queue length: 0, logical clock: 5
2025-03-04 23:07:45,214 - RECEIVE event, queue length: 1, logical clock: 6
2025-03-04 23:07:45,719 - RECEIVE event, queue length: 1, logical clock: 7
2025-03-04 23:07:46,220 - RECEIVE event, queue length: 0, logical clock: 10
2025-03-04 23:07:46,725 - RECEIVE event, queue length: 1, logical clock: 13
2025-03-04 23:07:47,230 - RECEIVE event, queue length: 1, logical clock: 14
2025-03-04 23:07:47,733 - RECEIVE event, queue length: 2, logical clock: 16
2025-03-04 23:07:48,238 - RECEIVE event, queue length: 2, logical clock: 19
2025-03-04 23:07:48,742 - RECEIVE event, queue length: 4, logical clock: 20
2025-03-04 23:07:49,246 - RECEIVE event, queue length: 4, logical clock: 22
2025-03-04 23:07:49,749 - RECEIVE event, queue length: 4, logical clock: 23
2025-03-04 23:07:50,254 - RECEIVE event, queue length: 5, logical clock: 24
2025-03-04 23:07:50,758 - RECEIVE event, queue length: 6, logical clock: 25
2025-03-04 23:07:51,263 - RECEIVE event, queue length: 7, logical clock: 26
2025-03-04 23:07:51,768 - RECEIVE event, queue length: 8, logical clock: 29
2025-03-04 23:07:52,273 - RECEIVE event, queue length: 7, logical clock: 31
2025-03-04 23:07:52,778 - RECEIVE event, queue length: 8, logical clock: 32
2025-03-04 23:07:53,282 - RECEIVE event, queue length: 9, logical clock: 34
2025-03-04 23:07:53,783 - RECEIVE event, queue length: 9, logical clock: 35
2025-03-04 23:07:54,287 - RECEIVE event, queue length: 8, logical clock: 36
2025-03-04 23:07:54,792 - RECEIVE event, queue length: 8, logical clock: 37
2025-03-04 23:07:55,293 - RECEIVE event, queue length: 10, logical clock: 38
2025-03-04 23:07:55,794 - RECEIVE event, queue length: 9, logical clock: 40
2025-03-04 23:07:56,299 - RECEIVE event, queue length: 8, logical clock: 43
2025-03-04 23:07:56,804 - RECEIVE event, queue length: 9, logical clock: 45
2025-03-04 23:07:57,304 - RECEIVE event, queue length: 10, logical clock: 46
2025-03-04 23:07:57,807 - RECEIVE event, queue length: 11, logical clock: 47
2025-03-04 23:07:58,308 - RECEIVE event, queue length: 12, logical clock: 49
2025-03-04 23:07:58,809 - RECEIVE event, queue length: 11, logical clock: 53
2025-03-04 23:07:59,314 - RECEIVE event, queue length: 12, logical clock: 55
2025-03-04 23:07:59,819 - RECEIVE event, queue length: 11, logical clock: 56
2025-03-04 23:08:00,324 - RECEIVE event, queue length: 11, logical clock: 57
2025-03-04 23:08:00,829 - RECEIVE event, queue length: 12, logical clock: 63
2025-03-04 23:08:01,333 - RECEIVE event, queue length: 12, logical clock: 64
2025-03-04 23:08:01,838 - RECEIVE event, queue length: 13, logical clock: 66
2025-03-04 23:08:02,343 - RECEIVE event, queue length: 14, logical clock: 67
2025-03-04 23:08:02,844 - RECEIVE event, queue length: 15, logical clock: 68
2025-03-04 23:08:03,349 - RECEIVE event, queue length: 16, logical clock: 69
2025-03-04 23:08:03,853 - RECEIVE event, queue length: 18, logical clock: 70
2025-03-04 23:08:04,358 - RECEIVE event, queue length: 18, logical clock: 71
2025-03-04 23:08:04,858 - RECEIVE event, queue length: 19, logical clock: 75
2025-03-04 23:08:05,363 - RECEIVE event, queue length: 18, logical clock: 77
2025-03-04 23:08:05,864 - RECEIVE event, queue length: 20, logical clock: 80
2025-03-04 23:08:06,369 - RECEIVE event, queue length: 20, logical clock: 83
2025-03-04 23:08:06,870 - RECEIVE event, queue length: 22, logical clock: 84
2025-03-04 23:08:07,374 - RECEIVE event, queue length: 23, logical clock: 85
2025-03-04 23:08:07,879 - RECEIVE event, queue length: 25, logical clock: 88
2025-03-04 23:08:08,384 - RECEIVE event, queue length: 26, logical clock: 89
2025-03-04 23:08:08,885 - RECEIVE event, queue length: 27, logical clock: 90
2025-03-04 23:08:09,390 - RECEIVE event, queue length: 28, logical clock: 91
2025-03-04 23:08:09,895 - RECEIVE event, queue length: 29, logical clock: 92
2025-03-04 23:08:10,401 - RECEIVE event, queue length: 30, logical clock: 94
2025-03-04 23:08:10,901 - RECEIVE event, queue length: 32, logical clock: 95
2025-03-04 23:08:11,407 - RECEIVE event, queue length: 33, logical clock: 96
2025-03-04 23:08:11,910 - RECEIVE event, queue length: 34, logical clock: 97
2025-03-04 23:08:12,415 - RECEIVE event, queue length: 35, logical clock: 98
2025-03-04 23:08:12,920 - RECEIVE event, queue length: 34, logical clock: 99
2025-03-04 23:08:13,425 - RECEIVE event, queue length: 35, logical clock: 100
2025-03-04 23:08:13,926 - RECEIVE event, queue length: 36, logical clock: 103
2025-03-04 23:08:14,431 - RECEIVE event, queue length: 36, logical clock: 104
2025-03-04 23:08:14,936 - RECEIVE event, queue length: 37, logical clock: 107
2025-03-04 23:08:15,439 - RECEIVE event, queue length: 39, logical clock: 108
2025-03-04 23:08:15,941 - RECEIVE event, queue length: 38, logical clock: 109
2025-03-04 23:08:16,446 - RECEIVE event, queue length: 38, logical clock: 110
2025-03-04 23:08:16,951 - RECEIVE event, queue length: 39, logical clock: 112
2025-03-04 23:08:17,453 - RECEIVE event, queue length: 41, logical clock: 113
2025-03-04 23:08:17,958 - RECEIVE event, queue length: 40, logical clock: 114
2025-03-04 23:08:18,461 - RECEIVE event, queue length: 42, logical clock: 115
2025-03-04 23:08:18,966 - RECEIVE event, queue length: 43, logical clock: 116
2025-03-04 23:08:19,467 - RECEIVE event, queue length: 42, logical clock: 117
2025-03-04 23:08:19,972 - RECEIVE event, queue length: 42, logical clock: 118
2025-03-04 23:08:20,476 - RECEIVE event, queue length: 43, logical clock: 119
2025-03-04 23:08:20,978 - RECEIVE event, queue length: 44, logical clock: 120
2025-03-04 23:08:21,484 - RECEIVE event, queue length: 45, logical clock: 121
2025-03-04 23:08:21,989 - RECEIVE event, queue length: 45, logical clock: 123
2025-03-04 23:08:22,494 - RECEIVE event, queue length: 45, logical clock: 124
2025-03-04 23:08:22,999 - RECEIVE event, queue length: 46, logical clock: 125
2025-03-04 23:08:23,504 - RECEIVE event, queue length: 46, logical clock: 126
2025-03-04 23:08:24,007 - RECEIVE event, queue length: 47, logical clock: 127
2025-03-04 23:08:24,509 - RECEIVE event, queue length: 48, logical clock: 129
2025-03-04 23:08:25,012 - RECEIVE event, queue length: 48, logical clock: 130
2025-03-04 23:08:25,513 - RECEIVE event, queue length: 48, logical clock: 131
2025-03-04 23:08:26,018 - RECEIVE event, queue length: 49, logical clock: 132
2025-03-04 23:08:26,521 - RECEIVE event, queue length: 48, logical clock: 133
2025-03-04 23:08:27,023 - RECEIVE event, queue length: 49, logical clock: 134
2025-03-04 23:08:27,528 - RECEIVE event, queue length: 50, logical clock: 135
2025-03-04 23:08:28,032 - RECEIVE event, queue length: 51, logical clock: 136
2025-03-04 23:08:28,537 - RECEIVE event, queue length: 50, logical clock: 138
2025-03-04 23:08:29,042 - RECEIVE event, queue length: 51, logical clock: 139
2025-03-04 23:08:29,547 - RECEIVE event, queue length: 51, logical clock: 140
2025-03-04 23:08:30,051 - RECEIVE event, queue length: 51, logical clock: 141
2025-03-04 23:08:30,552 - RECEIVE event, queue length: 53, logical clock: 145
2025-03-04 23:08:31,056 - RECEIVE event, queue length: 52, logical clock: 146
2025-03-04 23:08:31,561 - RECEIVE event, queue length: 53, logical clock: 147
2025-03-04 23:08:32,066 - RECEIVE event, queue length: 52, logical clock: 148
2025-03-04 23:08:32,570 - RECEIVE event, queue length: 52, logical clock: 149
2025-03-04 23:08:33,075 - RECEIVE event, queue length: 51, logical clock: 152
2025-03-04 23:08:33,580 - RECEIVE event, queue length: 53, logical clock: 153
2025-03-04 23:08:34,085 - RECEIVE event, queue length: 53, logical clock: 154
2025-03-04 23:08:34,590 - RECEIVE event, queue length: 53, logical clock: 155
2025-03-04 23:08:35,093 - RECEIVE event, queue length: 54, logical clock: 156
2025-03-04 23:08:35,598 - RECEIVE event, queue length: 55, logical clock: 161
2025-03-04 23:08:36,103 - RECEIVE event, queue length: 56, logical clock: 162
2025-03-04 23:08:36,608 - RECEIVE event, queue length: 56, logical clock: 163
2025-03-04 23:08:37,113 - RECEIVE event, queue length: 56, logical clock: 164
2025-03-04 23:08:37,618 - RECEIVE event, queue length: 58, logical clock: 165
2025-03-04 23:08:38,122 - RECEIVE event, queue length: 57, logical clock: 166
2025-03-04 23:08:38,627 - RECEIVE event, queue length: 59, logical clock: 169
2025-03-04 23:08:39,133 - RECEIVE event, queue length: 59, logical clock: 170
2025-03-04 23:08:39,633 - RECEIVE event, queue length: 60, logical clock: 171
2025-03-04 23:08:40,134 - RECEIVE event, queue length: 60, logical clock: 172
2025-03-04 23:08:40,635 - RECEIVE event, queue length: 59, logical clock: 173
2025-03-04 23:08:41,141 - RECEIVE event, queue length: 60, logical clock: 178
2025-03-04 23:08:41,646 - RECEIVE event, queue length: 61, logical clock: 179
2025-03-04 23:08:42,146 - RECEIVE event, queue length: 61, logical clock: 180
2025-03-04 23:08:42,201 - Machine 2 stopped. Final logical clock: 180
